[38;2;000;255;255m
╔═══════════════════════════════════════════════════════════════════╗
║                      OhMyMiner v1.0.0-GPU                         ║
║          High-Performance Quantum Circuit Mining on GPU           ║
╚═══════════════════════════════════════════════════════════════════╝

[0m
Starting miner with configuration:
  Algorithm: qhash
  Pool URL:  qubitcoin.luckypool.io:8610
  Wallet:    bc1qacadts4usj2tjljwdemfu44a2tq47hch33fc6f.R3G
  Password:  x

Initializing GPU mining...

Job monitor started (stats interval: 10s)

[38;2;000;255;255m🔍 Detecting GPU hardware...
[0m[38;2;000;255;255m
=== Job Statistics ===
[0mJobs Received: 0
Jobs Processed: 0
Jobs Pending: 0
Jobs Dispatched: 0
Active Workers: 0
Dispatch Rate: 0.00 jobs/sec
[38;2;255;255;000m
=== Mining Statistics ===
[0mCurrent Difficulty: 0
Hashrate: 0.00 H/s
Total Hashes: 0
Active Workers: 0
Shares Accepted: 0 [38;2;000;128;000m✓
[0mShares Rejected: 0 ✗
[38;2;000;255;255m========================

[0m[38;2;000;128;000m✓ GPU Detected: NVIDIA GeForce GTX 1660 SUPER
[0m[38;2;000;128;000m  Compute Capability: 7.5
[0m[38;2;000;128;000m  Memory: 5.61 GB total, 5.42 GB free
[0m[38;2;000;128;000m  Mode: GPU MINING (Batched Processing)
[0m[38;2;000;128;000m  Expected Performance: 10-50 KH/s

[0m[CUDA Batch] Initialized NVIDIA GeForce GTX 1660 SUPER with 16 qubits, batch size 1000
[CUDA Batch] Memory: 500.00 MB (512.00 KB per state × 1000 states)
[38;2;000;128;000mGPU Worker 0 initialized with 1000 nonces per batch
[0mAdded worker, total workers: 1
[38;2;000;128;000m✓ GPU Worker created
[0m  Batch Size: 1000 nonces per iteration
  Memory Usage: ~500.0 MB
  Processing: 1000 circuits in parallel

Job dispatcher started
Mining system initialized:
  ✓ Pool connection established
  ✓ Job dispatcher started
  ✓ Job monitor started
  ✓ Workers created and ready
  ✓ Backend: CUDA GPU (Batched)

Starting event loop...
Connected to pool qubitcoin.luckypool.io:8610
Sending mining.subscribe request...
Received message: {"id":1,"result":[[["mining.set_difficulty","deadbeefcafebabe9362030000000000"],["mining.notify","deadbeefcafebabe9362030000000000"]],"180313f6",4],"error":null}
Processing response for ID: 1
Subscription successful (extranonce1: 180313f6, extranonce2_size: 4)
Sending mining.authorize request for worker: bc1qacadts4usj2tjljwdemfu44a2tq47hch33fc6f.R3G
Received message: {"id":null,"method":"mining.set_difficulty","params":[1]}
Processing notification: mining.set_difficulty
Received mining.set_difficulty: 1
Difficulty updated to: 1
Received message: {"id":null,"method":"mining.notify","params":["3b7a","9bc4d4c33caf15631c07b7fe768a0524d392078cd6af171c0000090500000000","01000000010000000000000000000000000000000000000000000000000000000000000000fffff...
Processing notification: mining.notify
Received mining.notify:
  Job ID: 3b7a
  Previous Hash: 9bc4d4c33caf1563...
  Version: 20000004
  Bits: 1a0e732d
  Time: 6904343a
  Clean Jobs: true
  Share Target (full 256-bit hex): 00000000ffff0000...
  Share Difficulty: 1
Cleared job queue due to clean_jobs flag
Added job to queue: 3b7a (queue size: 1)
Processing job: 3b7a (remaining in queue: 0)
GPU Worker 0 starting work on job: 3b7a
Dispatched job 3b7a to 1 workers in parallel
[38;2;000;255;255mGPU Worker 0 starting mining loop for job 3b7a
[0m[38;2;255;255;000mGPU Worker 0 mining with extranonce2: 00000000 (fixed for this job)
[0m[38;2;000;255;255mGPU Worker 0 processing batch: nonces 0-999
[0m[38;2;255;255;000mGPU Worker 0 generating 1000 circuits...
[0m[38;2;255;255;000mGPU Worker 0 simulating 1000 circuits on GPU...
[0mReceived message: {"id":2,"result":true,"error":null}
Processing response for ID: 2
Successfully authorized worker: bc1qacadts4usj2tjljwdemfu44a2tq47hch33fc6f.R3G
[38;2;255;255;000mGPU Worker 0 got 1000 results, checking targets...
[0m[38;2;255;000;255mDEBUG: First hash = 7639fbc983e3fe2301b470603560e1e0...
[0m[38;2;255;000;255mDEBUG: Share target(hex) = 00000000ffff0000...
[0m[38;2;000;255;255mGPU Worker 0 processing batch: nonces 1000-1999
[0m[38;2;255;255;000mGPU Worker 0 generating 1000 circuits...
[0m[38;2;255;255;000mGPU Worker 0 simulating 1000 circuits on GPU...
[0m[38;2;255;255;000mGPU Worker 0 got 1000 results, checking targets...
[0m[38;2;000;255;255mGPU Worker 0 processing batch: nonces 2000-2999
[0m[38;2;255;255;000mGPU Worker 0 generating 1000 circuits...
[0m[38;2;255;255;000mGPU Worker 0 simulating 1000 circuits on GPU...
[0m[38;2;255;255;000mGPU Worker 0 got 1000 results, checking targets...
[0m[38;2;000;255;255mGPU Worker 0 processing batch: nonces 3000-3999
[0m[38;2;255;255;000mGPU Worker 0 generating 1000 circuits...
[0m[38;2;255;255;000mGPU Worker 0 simulating 1000 circuits on GPU...
[0m[38;2;255;255;000mGPU Worker 0 got 1000 results, checking targets...
[0m[38;2;000;255;255mGPU Worker 0 processing batch: nonces 4000-4999
[0m[38;2;255;255;000mGPU Worker 0 generating 1000 circuits...
[0m[38;2;255;255;000mGPU Worker 0 simulating 1000 circuits on GPU...
[0m[38;2;255;255;000mGPU Worker 0 got 1000 results, checking targets...
[0m[38;2;000;255;255mGPU Worker 0 processing batch: nonces 5000-5999
[0m[38;2;255;255;000mGPU Worker 0 generating 1000 circuits...
[0m[38;2;255;255;000mGPU Worker 0 simulating 1000 circuits on GPU...
[0m[38;2;255;255;000mGPU Worker 0 got 1000 results, checking targets...
[0m[38;2;000;255;255mGPU Worker 0 processing batch: nonces 6000-6999
[0m[38;2;255;255;000mGPU Worker 0 generating 1000 circuits...
[0m[38;2;255;255;000mGPU Worker 0 simulating 1000 circuits on GPU...
[0m[38;2;255;255;000mGPU Worker 0 got 1000 results, checking targets...
[0m[38;2;000;255;255mGPU Worker 0 processing batch: nonces 7000-7999
[0m[38;2;255;255;000mGPU Worker 0 generating 1000 circuits...
[0m[38;2;255;255;000mGPU Worker 0 simulating 1000 circuits on GPU...
[0m[38;2;255;255;000mGPU Worker 0 got 1000 results, checking targets...
[0m[38;2;000;255;255mGPU Worker 0 processing batch: nonces 8000-8999
[0m[38;2;255;255;000mGPU Worker 0 generating 1000 circuits...
[0m[38;2;255;255;000mGPU Worker 0 simulating 1000 circuits on GPU...
[0m[38;2;255;255;000mGPU Worker 0 got 1000 results, checking targets...
[0m[38;2;000;255;255mGPU Worker 0 processing batch: nonces 9000-9999
[0m[38;2;255;255;000mGPU Worker 0 generating 1000 circuits...
[0m[38;2;255;255;000mGPU Worker 0 simulating 1000 circuits on GPU...
[0m[38;2;255;255;000mGPU Worker 0 got 1000 results, checking targets...
[0m[38;2;000;255;255mGPU Worker 0 processing batch: nonces 10000-10999
[0m[38;2;255;255;000mGPU Worker 0 generating 1000 circuits...
[0m[38;2;255;255;000mGPU Worker 0 simulating 1000 circuits on GPU...
[0m[38;2;255;255;000mGPU Worker 0 got 1000 results, checking targets...
[0m[38;2;000;255;255mGPU Worker 0 processing batch: nonces 11000-11999
[0m[38;2;255;255;000mGPU Worker 0 generating 1000 circuits...
[0m[38;2;255;255;000mGPU Worker 0 simulating 1000 circuits on GPU...
[0m[38;2;255;255;000mGPU Worker 0 got 1000 results, checking targets...
[0m[38;2;000;255;255mGPU Worker 0 processing batch: nonces 12000-12999
[0m[38;2;255;255;000mGPU Worker 0 generating 1000 circuits...
[0m[38;2;255;255;000mGPU Worker 0 simulating 1000 circuits on GPU...
[0m[38;2;255;255;000mGPU Worker 0 got 1000 results, checking targets...
[0m[38;2;000;255;255mGPU Worker 0 processing batch: nonces 13000-13999
[0m[38;2;255;255;000mGPU Worker 0 generating 1000 circuits...
[0m[38;2;255;255;000mGPU Worker 0 simulating 1000 circuits on GPU...
[0m[38;2;255;255;000mGPU Worker 0 got 1000 results, checking targets...
[0m[38;2;000;255;255mGPU Worker 0 hashrate: 2.80 KH/s (1000 batch)
[0m[38;2;000;255;255mGPU Worker 0 processing batch: nonces 14000-14999
[0m[38;2;255;255;000mGPU Worker 0 generating 1000 circuits...
[0m[38;2;255;255;000mGPU Worker 0 simulating 1000 circuits on GPU...
[0m[38;2;255;255;000mGPU Worker 0 got 1000 results, checking targets...
[0m[38;2;000;255;255mGPU Worker 0 processing batch: nonces 15000-15999
[0m[38;2;255;255;000mGPU Worker 0 generating 1000 circuits...
[0m[38;2;255;255;000mGPU Worker 0 simulating 1000 circuits on GPU...
[0m[38;2;255;255;000mGPU Worker 0 got 1000 results, checking targets...
[0m[38;2;000;255;255mGPU Worker 0 processing batch: nonces 16000-16999
[0m[38;2;255;255;000mGPU Worker 0 generating 1000 circuits...
[0m[38;2;255;255;000mGPU Worker 0 simulating 1000 circuits on GPU...
[0m[38;2;255;255;000mGPU Worker 0 got 1000 results, checking targets...
[0m[38;2;000;255;255mGPU Worker 0 processing batch: nonces 17000-17999
[0m[38;2;255;255;000mGPU Worker 0 generating 1000 circuits...
[0m[38;2;255;255;000mGPU Worker 0 simulating 1000 circuits on GPU...
[0m[38;2;255;255;000mGPU Worker 0 got 1000 results, checking targets...
[0m[38;2;000;255;255mGPU Worker 0 processing batch: nonces 18000-18999
[0m[38;2;255;255;000mGPU Worker 0 generating 1000 circuits...
[0m[38;2;255;255;000mGPU Worker 0 simulating 1000 circuits on GPU...
[0m[38;2;255;255;000mGPU Worker 0 got 1000 results, checking targets...
[0m[38;2;000;255;255mGPU Worker 0 processing batch: nonces 19000-19999
[0m[38;2;255;255;000mGPU Worker 0 generating 1000 circuits...
[0m[38;2;255;255;000mGPU Worker 0 simulating 1000 circuits on GPU...
[0m[38;2;255;255;000mGPU Worker 0 got 1000 results, checking targets...
[0m[38;2;000;255;255mGPU Worker 0 processing batch: nonces 20000-20999
[0m[38;2;255;255;000mGPU Worker 0 generating 1000 circuits...
[0m[38;2;255;255;000mGPU Worker 0 simulating 1000 circuits on GPU...
[0m[38;2;255;255;000mGPU Worker 0 got 1000 results, checking targets...
[0m[38;2;000;255;255mGPU Worker 0 processing batch: nonces 21000-21999
[0m[38;2;255;255;000mGPU Worker 0 generating 1000 circuits...
[0m[38;2;255;255;000mGPU Worker 0 simulating 1000 circuits on GPU...
[0m[38;2;255;255;000mGPU Worker 0 got 1000 results, checking targets...
[0m[38;2;000;255;255mGPU Worker 0 processing batch: nonces 22000-22999
[0m[38;2;255;255;000mGPU Worker 0 generating 1000 circuits...
[0m[38;2;255;255;000mGPU Worker 0 simulating 1000 circuits on GPU...
[0m[38;2;255;255;000mGPU Worker 0 got 1000 results, checking targets...
[0m[38;2;000;255;255mGPU Worker 0 processing batch: nonces 23000-23999
[0m[38;2;255;255;000mGPU Worker 0 generating 1000 circuits...
[0m[38;2;255;255;000mGPU Worker 0 simulating 1000 circuits on GPU...
[0m[38;2;255;255;000mGPU Worker 0 got 1000 results, checking targets...
[0m[38;2;000;255;255mGPU Worker 0 processing batch: nonces 24000-24999
[0m[38;2;255;255;000mGPU Worker 0 generating 1000 circuits...
[0m[38;2;255;255;000mGPU Worker 0 simulating 1000 circuits on GPU...
[0m[38;2;255;255;000mGPU Worker 0 got 1000 results, checking targets...
[0m[38;2;000;255;255mGPU Worker 0 processing batch: nonces 25000-25999
[0m[38;2;255;255;000mGPU Worker 0 generating 1000 circuits...
[0m[38;2;255;255;000mGPU Worker 0 simulating 1000 circuits on GPU...
[0m[38;2;255;255;000mGPU Worker 0 got 1000 results, checking targets...
[0m[38;2;000;255;255mGPU Worker 0 processing batch: nonces 26000-26999
[0m[38;2;255;255;000mGPU Worker 0 generating 1000 circuits...
[0m[38;2;255;255;000mGPU Worker 0 simulating 1000 circuits on GPU...
[0m[38;2;255;255;000mGPU Worker 0 got 1000 results, checking targets...
[0m[38;2;000;255;255mGPU Worker 0 processing batch: nonces 27000-27999
[0m[38;2;255;255;000mGPU Worker 0 generating 1000 circuits...
[0m[38;2;255;255;000mGPU Worker 0 simulating 1000 circuits on GPU...
[0m[38;2;000;255;255m
=== Job Statistics ===
[0mJobs Received: 1
Jobs Processed: 1
Jobs Pending: 0
Jobs Dispatched: 1
Active Workers: 1
Dispatch Rate: 0.00 jobs/sec
[38;2;255;255;000m
=== Mining Statistics ===
[0mCurrent Difficulty: 1
Hashrate: 2.80 KH/s
Total Hashes: 27000
Active Workers: 1
Estimated Time to Share: 17.8 days
Shares Accepted: 0 [38;2;000;128;000m✓
[0mShares Rejected: 0 ✗
[38;2;000;255;255m========================

[0m[38;2;255;255;000mGPU Worker 0 got 1000 results, checking targets...
[0m[38;2;000;255;255mGPU Worker 0 processing batch: nonces 28000-28999
[0m[38;2;255;255;000mGPU Worker 0 generating 1000 circuits...
[0m[38;2;255;255;000mGPU Worker 0 simulating 1000 circuits on GPU...
[0m[38;2;255;255;000mGPU Worker 0 got 1000 results, checking targets...
[0m[38;2;000;255;255mGPU Worker 0 hashrate: 3.00 KH/s (1000 batch)
[0m[38;2;000;255;255mGPU Worker 0 processing batch: nonces 29000-29999
[0m[38;2;255;255;000mGPU Worker 0 generating 1000 circuits...
[0m[38;2;255;255;000mGPU Worker 0 simulating 1000 circuits on GPU...
[0m[38;2;255;255;000mGPU Worker 0 got 1000 results, checking targets...
[0m[38;2;000;255;255mGPU Worker 0 processing batch: nonces 30000-30999
[0m[38;2;255;255;000mGPU Worker 0 generating 1000 circuits...
[0m[38;2;255;255;000mGPU Worker 0 simulating 1000 circuits on GPU...
[0m[38;2;255;255;000mGPU Worker 0 got 1000 results, checking targets...
[0m[38;2;000;255;255mGPU Worker 0 processing batch: nonces 31000-31999
[0m[38;2;255;255;000mGPU Worker 0 generating 1000 circuits...
[0m[38;2;255;255;000mGPU Worker 0 simulating 1000 circuits on GPU...
[0m[38;2;255;255;000mGPU Worker 0 got 1000 results, checking targets...
[0m[38;2;000;255;255mGPU Worker 0 processing batch: nonces 32000-32999
[0m[38;2;255;255;000mGPU Worker 0 generating 1000 circuits...
[0m[38;2;255;255;000mGPU Worker 0 simulating 1000 circuits on GPU...
[0m[38;2;255;255;000mGPU Worker 0 got 1000 results, checking targets...
[0m[38;2;000;255;255mGPU Worker 0 processing batch: nonces 33000-33999
[0m[38;2;255;255;000mGPU Worker 0 generating 1000 circuits...
[0m[38;2;255;255;000mGPU Worker 0 simulating 1000 circuits on GPU...
[0m[38;2;255;255;000mGPU Worker 0 got 1000 results, checking targets...
[0m[38;2;000;255;255mGPU Worker 0 processing batch: nonces 34000-34999
[0m[38;2;255;255;000mGPU Worker 0 generating 1000 circuits...
[0m[38;2;255;255;000mGPU Worker 0 simulating 1000 circuits on GPU...
[0m[38;2;255;255;000mGPU Worker 0 got 1000 results, checking targets...
[0m[38;2;000;255;255mGPU Worker 0 processing batch: nonces 35000-35999
[0m[38;2;255;255;000mGPU Worker 0 generating 1000 circuits...
[0m[38;2;255;255;000mGPU Worker 0 simulating 1000 circuits on GPU...
[0m[38;2;255;255;000mGPU Worker 0 got 1000 results, checking targets...
[0m[38;2;000;255;255mGPU Worker 0 processing batch: nonces 36000-36999
[0m[38;2;255;255;000mGPU Worker 0 generating 1000 circuits...
[0m[38;2;255;255;000mGPU Worker 0 simulating 1000 circuits on GPU...
[0m[38;2;255;255;000mGPU Worker 0 got 1000 results, checking targets...
[0m[38;2;000;255;255mGPU Worker 0 processing batch: nonces 37000-37999
[0m[38;2;255;255;000mGPU Worker 0 generating 1000 circuits...
[0m[38;2;255;255;000mGPU Worker 0 simulating 1000 circuits on GPU...
[0m[38;2;255;255;000mGPU Worker 0 got 1000 results, checking targets...
[0m[38;2;000;255;255mGPU Worker 0 processing batch: nonces 38000-38999
[0m[38;2;255;255;000mGPU Worker 0 generating 1000 circuits...
[0m[38;2;255;255;000mGPU Worker 0 simulating 1000 circuits on GPU...
[0m[38;2;255;255;000mGPU Worker 0 got 1000 results, checking targets...
[0m[38;2;000;255;255mGPU Worker 0 processing batch: nonces 39000-39999
[0m[38;2;255;255;000mGPU Worker 0 generating 1000 circuits...
[0m[38;2;255;255;000mGPU Worker 0 simulating 1000 circuits on GPU...
[0m[38;2;255;255;000mGPU Worker 0 got 1000 results, checking targets...
[0m[38;2;000;255;255mGPU Worker 0 processing batch: nonces 40000-40999
[0m[38;2;255;255;000mGPU Worker 0 generating 1000 circuits...
[0m[38;2;255;255;000mGPU Worker 0 simulating 1000 circuits on GPU...
[0m[38;2;255;255;000mGPU Worker 0 got 1000 results, checking targets...
[0m[38;2;000;255;255mGPU Worker 0 processing batch: nonces 41000-41999
[0m[38;2;255;255;000mGPU Worker 0 generating 1000 circuits...
[0m[38;2;255;255;000mGPU Worker 0 simulating 1000 circuits on GPU...
[0m[38;2;255;255;000mGPU Worker 0 got 1000 results, checking targets...
[0m[38;2;000;255;255mGPU Worker 0 processing batch: nonces 42000-42999
[0m[38;2;255;255;000mGPU Worker 0 generating 1000 circuits...
[0m[38;2;255;255;000mGPU Worker 0 simulating 1000 circuits on GPU...
[0m[38;2;255;255;000mGPU Worker 0 got 1000 results, checking targets...
[0m[38;2;000;255;255mGPU Worker 0 processing batch: nonces 43000-43999
[0m[38;2;255;255;000mGPU Worker 0 generating 1000 circuits...
[0m[38;2;255;255;000mGPU Worker 0 simulating 1000 circuits on GPU...
[0m[38;2;255;255;000mGPU Worker 0 got 1000 results, checking targets...
[0m[38;2;000;255;255mGPU Worker 0 processing batch: nonces 44000-44999
[0m[38;2;255;255;000mGPU Worker 0 generating 1000 circuits...
[0m[38;2;255;255;000mGPU Worker 0 simulating 1000 circuits on GPU...
[0m[38;2;255;255;000mGPU Worker 0 got 1000 results, checking targets...
[0m[38;2;000;255;255mGPU Worker 0 hashrate: 3.20 KH/s (1000 batch)
[0m[38;2;000;255;255mGPU Worker 0 processing batch: nonces 45000-45999
[0m[38;2;255;255;000mGPU Worker 0 generating 1000 circuits...
[0m[38;2;255;255;000mGPU Worker 0 simulating 1000 circuits on GPU...
[0m[38;2;255;255;000mGPU Worker 0 got 1000 results, checking targets...
[0m[38;2;000;255;255mGPU Worker 0 processing batch: nonces 46000-46999
[0m[38;2;255;255;000mGPU Worker 0 generating 1000 circuits...
[0m[38;2;255;255;000mGPU Worker 0 simulating 1000 circuits on GPU...
[0m[38;2;255;255;000mGPU Worker 0 got 1000 results, checking targets...
[0m[38;2;000;255;255mGPU Worker 0 processing batch: nonces 47000-47999
[0m[38;2;255;255;000mGPU Worker 0 generating 1000 circuits...
[0m[38;2;255;255;000mGPU Worker 0 simulating 1000 circuits on GPU...
[0m[38;2;255;255;000mGPU Worker 0 got 1000 results, checking targets...
[0m[38;2;000;255;255mGPU Worker 0 processing batch: nonces 48000-48999
[0m[38;2;255;255;000mGPU Worker 0 generating 1000 circuits...
[0m[38;2;255;255;000mGPU Worker 0 simulating 1000 circuits on GPU...
[0m[38;2;255;255;000mGPU Worker 0 got 1000 results, checking targets...
[0m[38;2;000;255;255mGPU Worker 0 processing batch: nonces 49000-49999
[0m[38;2;255;255;000mGPU Worker 0 generating 1000 circuits...
[0m[38;2;255;255;000mGPU Worker 0 simulating 1000 circuits on GPU...
[0m[38;2;255;255;000mGPU Worker 0 got 1000 results, checking targets...
[0m[38;2;000;255;255mGPU Worker 0 processing batch: nonces 50000-50999
[0m[38;2;255;255;000mGPU Worker 0 generating 1000 circuits...
[0m[38;2;255;255;000mGPU Worker 0 simulating 1000 circuits on GPU...
[0m[38;2;255;255;000mGPU Worker 0 got 1000 results, checking targets...
[0m[38;2;000;255;255mGPU Worker 0 processing batch: nonces 51000-51999
[0m[38;2;255;255;000mGPU Worker 0 generating 1000 circuits...
[0m[38;2;255;255;000mGPU Worker 0 simulating 1000 circuits on GPU...
[0m[38;2;255;255;000mGPU Worker 0 got 1000 results, checking targets...
[0m[38;2;000;255;255mGPU Worker 0 processing batch: nonces 52000-52999
[0m[38;2;255;255;000mGPU Worker 0 generating 1000 circuits...
[0m[38;2;255;255;000mGPU Worker 0 simulating 1000 circuits on GPU...
[0m[38;2;255;255;000mGPU Worker 0 got 1000 results, checking targets...
[0m[38;2;000;255;255mGPU Worker 0 processing batch: nonces 53000-53999
[0m[38;2;255;255;000mGPU Worker 0 generating 1000 circuits...
[0m[38;2;255;255;000mGPU Worker 0 simulating 1000 circuits on GPU...
[0m[38;2;255;255;000mGPU Worker 0 got 1000 results, checking targets...
[0m[38;2;000;255;255mGPU Worker 0 processing batch: nonces 54000-54999
[0m[38;2;255;255;000mGPU Worker 0 generating 1000 circuits...
[0m[38;2;255;255;000mGPU Worker 0 simulating 1000 circuits on GPU...
[0m[38;2;255;255;000mGPU Worker 0 got 1000 results, checking targets...
[0m[38;2;000;255;255mGPU Worker 0 processing batch: nonces 55000-55999
[0m[38;2;255;255;000mGPU Worker 0 generating 1000 circuits...
[0m[38;2;255;255;000mGPU Worker 0 simulating 1000 circuits on GPU...
[0m[38;2;255;255;000mGPU Worker 0 got 1000 results, checking targets...
[0m[38;2;000;255;255mGPU Worker 0 processing batch: nonces 56000-56999
[0m[38;2;255;255;000mGPU Worker 0 generating 1000 circuits...
[0m[38;2;255;255;000mGPU Worker 0 simulating 1000 circuits on GPU...
[0m[38;2;255;255;000mGPU Worker 0 got 1000 results, checking targets...
[0m[38;2;000;255;255mGPU Worker 0 processing batch: nonces 57000-57999
[0m[38;2;255;255;000mGPU Worker 0 generating 1000 circuits...
[0m[38;2;255;255;000mGPU Worker 0 simulating 1000 circuits on GPU...
[0m[38;2;000;255;255m
=== Job Statistics ===
[0mJobs Received: 1
Jobs Processed: 1
Jobs Pending: 0
Jobs Dispatched: 1
Active Workers: 1
Dispatch Rate: 0.00 jobs/sec
[38;2;255;255;000m
=== Mining Statistics ===
[0mCurrent Difficulty: 1
Hashrate: 3.20 KH/s
Total Hashes: 57000
Active Workers: 1
Estimated Time to Share: 15.5 days
Shares Accepted: 0 [38;2;000;128;000m✓
[0mShares Rejected: 0 ✗
[38;2;000;255;255m========================

[0m[38;2;255;255;000mGPU Worker 0 got 1000 results, checking targets...
[0m[38;2;000;255;255mGPU Worker 0 processing batch: nonces 58000-58999
[0m[38;2;255;255;000mGPU Worker 0 generating 1000 circuits...
[0m[38;2;255;255;000mGPU Worker 0 simulating 1000 circuits on GPU...
[0m[38;2;255;255;000mGPU Worker 0 got 1000 results, checking targets...
[0m[38;2;000;255;255mGPU Worker 0 processing batch: nonces 59000-59999
[0m[38;2;255;255;000mGPU Worker 0 generating 1000 circuits...
[0m[38;2;255;255;000mGPU Worker 0 simulating 1000 circuits on GPU...
[0m[38;2;255;255;000mGPU Worker 0 got 1000 results, checking targets...
[0m[38;2;000;255;255mGPU Worker 0 hashrate: 3.00 KH/s (1000 batch)
[0m[38;2;000;255;255mGPU Worker 0 processing batch: nonces 60000-60999
[0m[38;2;255;255;000mGPU Worker 0 generating 1000 circuits...
[0m[38;2;255;255;000mGPU Worker 0 simulating 1000 circuits on GPU...
[0m[38;2;255;255;000mGPU Worker 0 got 1000 results, checking targets...
[0m[38;2;000;255;255mGPU Worker 0 processing batch: nonces 61000-61999
[0m[38;2;255;255;000mGPU Worker 0 generating 1000 circuits...
[0m[38;2;255;255;000mGPU Worker 0 simulating 1000 circuits on GPU...
[0m[38;2;255;255;000mGPU Worker 0 got 1000 results, checking targets...
[0m[38;2;000;255;255mGPU Worker 0 processing batch: nonces 62000-62999
[0m[38;2;255;255;000mGPU Worker 0 generating 1000 circuits...
[0m[38;2;255;255;000mGPU Worker 0 simulating 1000 circuits on GPU...
[0mReceived message: {"id":null,"method":"mining.notify","params":["3b7b","9bc4d4c33caf15631c07b7fe768a0524d392078cd6af171c0000090500000000","01000000010000000000000000000000000000000000000000000000000000000000000000fffff...
Processing notification: mining.notify
Received mining.notify:
  Job ID: 3b7b
  Previous Hash: 9bc4d4c33caf1563...
  Version: 20000004
  Bits: 1a0e732d
  Time: 690434b2
  Clean Jobs: false
  Share Target (full 256-bit hex): 00000000ffff0000...
  Share Difficulty: 1
Added job to queue: 3b7b (queue size: 1)
[38;2;255;255;000mGPU Worker 0 got 1000 results, checking targets...
[0m[38;2;000;255;255mGPU Worker 0 processing batch: nonces 63000-63999
[0m[38;2;255;255;000mGPU Worker 0 generating 1000 circuits...
[0m[38;2;255;255;000mGPU Worker 0 simulating 1000 circuits on GPU...
[0mProcessing job: 3b7b (remaining in queue: 0)
GPU Worker 0 already processing work, ignoring new job
Dispatched job 3b7b to 1 workers in parallel
[38;2;255;255;000mGPU Worker 0 got 1000 results, checking targets...
[0m[38;2;000;255;255mGPU Worker 0 processing batch: nonces 64000-64999
[0m[38;2;255;255;000mGPU Worker 0 generating 1000 circuits...
[0m[38;2;255;255;000mGPU Worker 0 simulating 1000 circuits on GPU...
[0m[38;2;255;255;000mGPU Worker 0 got 1000 results, checking targets...
[0m[38;2;000;255;255mGPU Worker 0 processing batch: nonces 65000-65999
[0m[38;2;255;255;000mGPU Worker 0 generating 1000 circuits...
[0m[38;2;255;255;000mGPU Worker 0 simulating 1000 circuits on GPU...
[0m[38;2;255;255;000mGPU Worker 0 got 1000 results, checking targets...
[0m[38;2;000;255;255mGPU Worker 0 processing batch: nonces 66000-66999
[0m[38;2;255;255;000mGPU Worker 0 generating 1000 circuits...
[0m[38;2;255;255;000mGPU Worker 0 simulating 1000 circuits on GPU...
[0m[38;2;255;255;000mGPU Worker 0 got 1000 results, checking targets...
[0m[38;2;000;255;255mGPU Worker 0 processing batch: nonces 67000-67999
[0m[38;2;255;255;000mGPU Worker 0 generating 1000 circuits...
[0m[38;2;255;255;000mGPU Worker 0 simulating 1000 circuits on GPU...
[0m[38;2;255;255;000mGPU Worker 0 got 1000 results, checking targets...
[0m[38;2;000;255;255mGPU Worker 0 processing batch: nonces 68000-68999
[0m[38;2;255;255;000mGPU Worker 0 generating 1000 circuits...
[0m[38;2;255;255;000mGPU Worker 0 simulating 1000 circuits on GPU...
[0m[38;2;255;255;000mGPU Worker 0 got 1000 results, checking targets...
[0m[38;2;000;255;255mGPU Worker 0 processing batch: nonces 69000-69999
[0m[38;2;255;255;000mGPU Worker 0 generating 1000 circuits...
[0m[38;2;255;255;000mGPU Worker 0 simulating 1000 circuits on GPU...
[0m[38;2;255;255;000mGPU Worker 0 got 1000 results, checking targets...
[0m[38;2;000;255;255mGPU Worker 0 processing batch: nonces 70000-70999
[0m[38;2;255;255;000mGPU Worker 0 generating 1000 circuits...
[0m[38;2;255;255;000mGPU Worker 0 simulating 1000 circuits on GPU...
[0m[38;2;255;255;000mGPU Worker 0 got 1000 results, checking targets...
[0m[38;2;000;255;255mGPU Worker 0 processing batch: nonces 71000-71999
[0m[38;2;255;255;000mGPU Worker 0 generating 1000 circuits...
[0m[38;2;255;255;000mGPU Worker 0 simulating 1000 circuits on GPU...
[0m[38;2;255;255;000mGPU Worker 0 got 1000 results, checking targets...
[0m[38;2;000;255;255mGPU Worker 0 processing batch: nonces 72000-72999
[0m[38;2;255;255;000mGPU Worker 0 generating 1000 circuits...
[0m[38;2;255;255;000mGPU Worker 0 simulating 1000 circuits on GPU...
[0m[38;2;255;255;000mGPU Worker 0 got 1000 results, checking targets...
[0m[38;2;000;255;255mGPU Worker 0 processing batch: nonces 73000-73999
[0m[38;2;255;255;000mGPU Worker 0 generating 1000 circuits...
[0m[38;2;255;255;000mGPU Worker 0 simulating 1000 circuits on GPU...
[0m[38;2;255;255;000mGPU Worker 0 got 1000 results, checking targets...
[0m[38;2;000;255;255mGPU Worker 0 processing batch: nonces 74000-74999
[0m[38;2;255;255;000mGPU Worker 0 generating 1000 circuits...
[0m[38;2;255;255;000mGPU Worker 0 simulating 1000 circuits on GPU...
[0m[38;2;255;255;000mGPU Worker 0 got 1000 results, checking targets...
[0m[38;2;000;255;255mGPU Worker 0 processing batch: nonces 75000-75999
[0m[38;2;255;255;000mGPU Worker 0 generating 1000 circuits...
[0m[38;2;255;255;000mGPU Worker 0 simulating 1000 circuits on GPU...
[0m[38;2;255;255;000mGPU Worker 0 got 1000 results, checking targets...
[0m[38;2;000;255;255mGPU Worker 0 hashrate: 3.20 KH/s (1000 batch)
[0m[38;2;000;255;255mGPU Worker 0 processing batch: nonces 76000-76999
[0m[38;2;255;255;000mGPU Worker 0 generating 1000 circuits...
[0m[38;2;255;255;000mGPU Worker 0 simulating 1000 circuits on GPU...
[0m[38;2;255;255;000mGPU Worker 0 got 1000 results, checking targets...
[0m[38;2;000;255;255mGPU Worker 0 processing batch: nonces 77000-77999
[0m[38;2;255;255;000mGPU Worker 0 generating 1000 circuits...
[0m[38;2;255;255;000mGPU Worker 0 simulating 1000 circuits on GPU...
[0m[38;2;255;255;000mGPU Worker 0 got 1000 results, checking targets...
[0m[38;2;000;255;255mGPU Worker 0 processing batch: nonces 78000-78999
[0m[38;2;255;255;000mGPU Worker 0 generating 1000 circuits...
[0m[38;2;255;255;000mGPU Worker 0 simulating 1000 circuits on GPU...
[0m[38;2;255;255;000mGPU Worker 0 got 1000 results, checking targets...
[0m[38;2;000;255;255mGPU Worker 0 processing batch: nonces 79000-79999
[0m[38;2;255;255;000mGPU Worker 0 generating 1000 circuits...
[0m[38;2;255;255;000mGPU Worker 0 simulating 1000 circuits on GPU...
[0m[38;2;255;255;000mGPU Worker 0 got 1000 results, checking targets...
[0m[38;2;000;255;255mGPU Worker 0 processing batch: nonces 80000-80999
[0m[38;2;255;255;000mGPU Worker 0 generating 1000 circuits...
[0m[38;2;255;255;000mGPU Worker 0 simulating 1000 circuits on GPU...
[0m[38;2;255;255;000mGPU Worker 0 got 1000 results, checking targets...
[0m[38;2;000;255;255mGPU Worker 0 processing batch: nonces 81000-81999
[0m[38;2;255;255;000mGPU Worker 0 generating 1000 circuits...
[0m[38;2;255;255;000mGPU Worker 0 simulating 1000 circuits on GPU...
[0m[38;2;255;255;000mGPU Worker 0 got 1000 results, checking targets...
[0m[38;2;000;255;255mGPU Worker 0 processing batch: nonces 82000-82999
[0m[38;2;255;255;000mGPU Worker 0 generating 1000 circuits...
[0m[38;2;255;255;000mGPU Worker 0 simulating 1000 circuits on GPU...
[0m[38;2;255;255;000mGPU Worker 0 got 1000 results, checking targets...
[0m[38;2;000;255;255mGPU Worker 0 processing batch: nonces 83000-83999
[0m[38;2;255;255;000mGPU Worker 0 generating 1000 circuits...
[0m[38;2;255;255;000mGPU Worker 0 simulating 1000 circuits on GPU...
[0m[38;2;255;255;000mGPU Worker 0 got 1000 results, checking targets...
[0m[38;2;000;255;255mGPU Worker 0 processing batch: nonces 84000-84999
[0m[38;2;255;255;000mGPU Worker 0 generating 1000 circuits...
[0m[38;2;255;255;000mGPU Worker 0 simulating 1000 circuits on GPU...
[0m[38;2;255;255;000mGPU Worker 0 got 1000 results, checking targets...
[0m[38;2;000;255;255mGPU Worker 0 processing batch: nonces 85000-85999
[0m[38;2;255;255;000mGPU Worker 0 generating 1000 circuits...
[0m[38;2;255;255;000mGPU Worker 0 simulating 1000 circuits on GPU...
[0m[38;2;255;255;000mGPU Worker 0 got 1000 results, checking targets...
[0m[38;2;000;255;255mGPU Worker 0 processing batch: nonces 86000-86999
[0m[38;2;255;255;000mGPU Worker 0 generating 1000 circuits...
[0m[38;2;255;255;000mGPU Worker 0 simulating 1000 circuits on GPU...
[0m[38;2;255;255;000mGPU Worker 0 got 1000 results, checking targets...
[0m[38;2;000;255;255mGPU Worker 0 processing batch: nonces 87000-87999
[0m[38;2;255;255;000mGPU Worker 0 generating 1000 circuits...
[0m[38;2;255;255;000mGPU Worker 0 simulating 1000 circuits on GPU...
[0m[38;2;255;255;000mGPU Worker 0 got 1000 results, checking targets...
[0m[38;2;000;255;255mGPU Worker 0 processing batch: nonces 88000-88999
[0m[38;2;255;255;000mGPU Worker 0 generating 1000 circuits...
[0m[38;2;000;255;255m
=== Job Statistics ===
[0mJobs Received: 2
Jobs Processed: 2
Jobs Pending: 0
Jobs Dispatched: 2
Active Workers: 1
Dispatch Rate: 0.10 jobs/sec
[38;2;255;255;000m
=== Mining Statistics ===
[0mCurrent Difficulty: 1
Hashrate: 3.20 KH/s
Total Hashes: 88000
Active Workers: 1
Estimated Time to Share: 15.5 days
Shares Accepted: 0 [38;2;000;128;000m✓
[0mShares Rejected: 0 ✗
[38;2;000;255;255m========================

[0m[38;2;255;255;000mGPU Worker 0 simulating 1000 circuits on GPU...
[0m[38;2;255;255;000mGPU Worker 0 got 1000 results, checking targets...
[0m[38;2;000;255;255mGPU Worker 0 processing batch: nonces 89000-89999
[0m[38;2;255;255;000mGPU Worker 0 generating 1000 circuits...
[0m[38;2;255;255;000mGPU Worker 0 simulating 1000 circuits on GPU...
[0m[38;2;255;255;000mGPU Worker 0 got 1000 results, checking targets...
[0m[38;2;000;255;255mGPU Worker 0 processing batch: nonces 90000-90999
[0m[38;2;255;255;000mGPU Worker 0 generating 1000 circuits...
[0m[38;2;255;255;000mGPU Worker 0 simulating 1000 circuits on GPU...
[0m[38;2;255;255;000mGPU Worker 0 got 1000 results, checking targets...
[0m[38;2;000;255;255mGPU Worker 0 processing batch: nonces 91000-91999
[0m[38;2;255;255;000mGPU Worker 0 generating 1000 circuits...
[0m[38;2;255;255;000mGPU Worker 0 simulating 1000 circuits on GPU...
[0m[38;2;255;255;000mGPU Worker 0 got 1000 results, checking targets...
[0m[38;2;000;255;255mGPU Worker 0 hashrate: 3.20 KH/s (1000 batch)
[0m[38;2;000;255;255mGPU Worker 0 processing batch: nonces 92000-92999
[0m[38;2;255;255;000mGPU Worker 0 generating 1000 circuits...
[0m[38;2;255;255;000mGPU Worker 0 simulating 1000 circuits on GPU...
[0m[38;2;255;255;000mGPU Worker 0 got 1000 results, checking targets...
[0m[38;2;000;255;255mGPU Worker 0 processing batch: nonces 93000-93999
[0m[38;2;255;255;000mGPU Worker 0 generating 1000 circuits...
[0m[38;2;255;255;000mGPU Worker 0 simulating 1000 circuits on GPU...
[0m[38;2;255;255;000mGPU Worker 0 got 1000 results, checking targets...
[0m[38;2;000;255;255mGPU Worker 0 processing batch: nonces 94000-94999
[0m[38;2;255;255;000mGPU Worker 0 generating 1000 circuits...
[0m[38;2;255;255;000mGPU Worker 0 simulating 1000 circuits on GPU...
[0m[38;2;255;255;000mGPU Worker 0 got 1000 results, checking targets...
[0m[38;2;000;255;255mGPU Worker 0 processing batch: nonces 95000-95999
[0m[38;2;255;255;000mGPU Worker 0 generating 1000 circuits...
[0m[38;2;255;255;000mGPU Worker 0 simulating 1000 circuits on GPU...
[0m[38;2;255;255;000mGPU Worker 0 got 1000 results, checking targets...
[0m[38;2;000;255;255mGPU Worker 0 processing batch: nonces 96000-96999
[0m[38;2;255;255;000mGPU Worker 0 generating 1000 circuits...
[0m[38;2;255;255;000mGPU Worker 0 simulating 1000 circuits on GPU...
[0m[38;2;255;255;000mGPU Worker 0 got 1000 results, checking targets...
[0m[38;2;000;255;255mGPU Worker 0 processing batch: nonces 97000-97999
[0m[38;2;255;255;000mGPU Worker 0 generating 1000 circuits...
[0m[38;2;255;255;000mGPU Worker 0 simulating 1000 circuits on GPU...
[0m[38;2;255;255;000mGPU Worker 0 got 1000 results, checking targets...
[0m[38;2;000;255;255mGPU Worker 0 processing batch: nonces 98000-98999
[0m[38;2;255;255;000mGPU Worker 0 generating 1000 circuits...
[0m[38;2;255;255;000mGPU Worker 0 simulating 1000 circuits on GPU...
[0m[38;2;255;255;000mGPU Worker 0 got 1000 results, checking targets...
[0m[38;2;000;255;255mGPU Worker 0 processing batch: nonces 99000-99999
[0m[38;2;255;255;000mGPU Worker 0 generating 1000 circuits...
[0m[38;2;255;255;000mGPU Worker 0 simulating 1000 circuits on GPU...
[0m[38;2;255;255;000mGPU Worker 0 got 1000 results, checking targets...
[0m[38;2;000;255;255mGPU Worker 0 processing batch: nonces 100000-100999
[0m[38;2;255;255;000mGPU Worker 0 generating 1000 circuits...
[0m[38;2;255;255;000mGPU Worker 0 simulating 1000 circuits on GPU...
[0m[38;2;255;255;000mGPU Worker 0 got 1000 results, checking targets...
[0m[38;2;000;255;255mGPU Worker 0 processing batch: nonces 101000-101999
[0m[38;2;255;255;000mGPU Worker 0 generating 1000 circuits...
[0m[38;2;255;255;000mGPU Worker 0 simulating 1000 circuits on GPU...
[0m[38;2;255;255;000mGPU Worker 0 got 1000 results, checking targets...
[0m[38;2;000;255;255mGPU Worker 0 processing batch: nonces 102000-102999
[0m[38;2;255;255;000mGPU Worker 0 generating 1000 circuits...
[0m[38;2;255;255;000mGPU Worker 0 simulating 1000 circuits on GPU...
[0m[38;2;255;255;000mGPU Worker 0 got 1000 results, checking targets...
[0m[38;2;000;255;255mGPU Worker 0 processing batch: nonces 103000-103999
[0m[38;2;255;255;000mGPU Worker 0 generating 1000 circuits...
[0m[38;2;255;255;000mGPU Worker 0 simulating 1000 circuits on GPU...
[0m[38;2;255;255;000mGPU Worker 0 got 1000 results, checking targets...
[0m[38;2;000;255;255mGPU Worker 0 processing batch: nonces 104000-104999
[0m[38;2;255;255;000mGPU Worker 0 generating 1000 circuits...
[0m[38;2;255;255;000mGPU Worker 0 simulating 1000 circuits on GPU...
[0m[38;2;255;255;000mGPU Worker 0 got 1000 results, checking targets...
[0m[38;2;000;255;255mGPU Worker 0 processing batch: nonces 105000-105999
[0m[38;2;255;255;000mGPU Worker 0 generating 1000 circuits...
[0m[38;2;255;255;000mGPU Worker 0 simulating 1000 circuits on GPU...
[0m[38;2;255;255;000mGPU Worker 0 got 1000 results, checking targets...
[0m[38;2;000;255;255mGPU Worker 0 processing batch: nonces 106000-106999
[0m[38;2;255;255;000mGPU Worker 0 generating 1000 circuits...
[0m[38;2;255;255;000mGPU Worker 0 simulating 1000 circuits on GPU...
[0m[38;2;255;255;000mGPU Worker 0 got 1000 results, checking targets...
[0m[38;2;000;255;255mGPU Worker 0 processing batch: nonces 107000-107999
[0m[38;2;255;255;000mGPU Worker 0 generating 1000 circuits...
[0m[38;2;255;255;000mGPU Worker 0 simulating 1000 circuits on GPU...
[0m[38;2;255;255;000mGPU Worker 0 got 1000 results, checking targets...
[0m[38;2;000;255;255mGPU Worker 0 hashrate: 3.20 KH/s (1000 batch)
[0m[38;2;000;255;255mGPU Worker 0 processing batch: nonces 108000-108999
[0m[38;2;255;255;000mGPU Worker 0 generating 1000 circuits...
[0m[38;2;255;255;000mGPU Worker 0 simulating 1000 circuits on GPU...
[0m[38;2;255;255;000mGPU Worker 0 got 1000 results, checking targets...
[0m[38;2;000;255;255mGPU Worker 0 processing batch: nonces 109000-109999
[0m[38;2;255;255;000mGPU Worker 0 generating 1000 circuits...
[0m[38;2;255;255;000mGPU Worker 0 simulating 1000 circuits on GPU...
[0m[38;2;255;255;000mGPU Worker 0 got 1000 results, checking targets...
[0m[38;2;000;255;255mGPU Worker 0 processing batch: nonces 110000-110999
[0m[38;2;255;255;000mGPU Worker 0 generating 1000 circuits...
[0m[38;2;255;255;000mGPU Worker 0 simulating 1000 circuits on GPU...
[0m[38;2;255;255;000mGPU Worker 0 got 1000 results, checking targets...
[0m[38;2;000;255;255mGPU Worker 0 processing batch: nonces 111000-111999
[0m[38;2;255;255;000mGPU Worker 0 generating 1000 circuits...
[0m[38;2;255;255;000mGPU Worker 0 simulating 1000 circuits on GPU...
[0m[38;2;255;255;000mGPU Worker 0 got 1000 results, checking targets...
[0m[38;2;000;255;255mGPU Worker 0 processing batch: nonces 112000-112999
[0m[38;2;255;255;000mGPU Worker 0 generating 1000 circuits...
[0m[38;2;255;255;000mGPU Worker 0 simulating 1000 circuits on GPU...
[0m[38;2;255;255;000mGPU Worker 0 got 1000 results, checking targets...
[0m[38;2;000;255;255mGPU Worker 0 processing batch: nonces 113000-113999
[0m[38;2;255;255;000mGPU Worker 0 generating 1000 circuits...
[0m[38;2;255;255;000mGPU Worker 0 simulating 1000 circuits on GPU...
[0m[38;2;255;255;000mGPU Worker 0 got 1000 results, checking targets...
[0m[38;2;000;255;255mGPU Worker 0 processing batch: nonces 114000-114999
[0m[38;2;255;255;000mGPU Worker 0 generating 1000 circuits...
[0m[38;2;255;255;000mGPU Worker 0 simulating 1000 circuits on GPU...
[0m[38;2;255;255;000mGPU Worker 0 got 1000 results, checking targets...
[0m[38;2;000;255;255mGPU Worker 0 processing batch: nonces 115000-115999
[0m[38;2;255;255;000mGPU Worker 0 generating 1000 circuits...
[0m[38;2;255;255;000mGPU Worker 0 simulating 1000 circuits on GPU...
[0m[38;2;255;255;000mGPU Worker 0 got 1000 results, checking targets...
[0m[38;2;000;255;255mGPU Worker 0 processing batch: nonces 116000-116999
[0m[38;2;255;255;000mGPU Worker 0 generating 1000 circuits...
[0m[38;2;255;255;000mGPU Worker 0 simulating 1000 circuits on GPU...
[0m[38;2;255;255;000mGPU Worker 0 got 1000 results, checking targets...
[0m[38;2;000;255;255mGPU Worker 0 processing batch: nonces 117000-117999
[0m[38;2;255;255;000mGPU Worker 0 generating 1000 circuits...
[0m[38;2;255;255;000mGPU Worker 0 simulating 1000 circuits on GPU...
[0m[38;2;255;255;000mGPU Worker 0 got 1000 results, checking targets...
[0m[38;2;000;255;255mGPU Worker 0 processing batch: nonces 118000-118999
[0m[38;2;255;255;000mGPU Worker 0 generating 1000 circuits...
[0m[38;2;255;255;000mGPU Worker 0 simulating 1000 circuits on GPU...
[0m[38;2;000;255;255m
=== Job Statistics ===
[0mJobs Received: 2
Jobs Processed: 2
Jobs Pending: 0
Jobs Dispatched: 2
Active Workers: 1
Dispatch Rate: 0.10 jobs/sec
[38;2;255;255;000m
=== Mining Statistics ===
[0mCurrent Difficulty: 1
Hashrate: 3.20 KH/s
Total Hashes: 118000
Active Workers: 1
Estimated Time to Share: 15.5 days
Shares Accepted: 0 [38;2;000;128;000m✓
[0mShares Rejected: 0 ✗
[38;2;000;255;255m========================

[0m[38;2;255;255;000mGPU Worker 0 got 1000 results, checking targets...
[0m[38;2;000;255;255mGPU Worker 0 processing batch: nonces 119000-119999
[0m[38;2;255;255;000mGPU Worker 0 generating 1000 circuits...
[0m[38;2;255;255;000mGPU Worker 0 simulating 1000 circuits on GPU...
[0m[38;2;255;255;000mGPU Worker 0 got 1000 results, checking targets...
[0m[38;2;000;255;255mGPU Worker 0 processing batch: nonces 120000-120999
[0m[38;2;255;255;000mGPU Worker 0 generating 1000 circuits...
[0m[38;2;255;255;000mGPU Worker 0 simulating 1000 circuits on GPU...
[0m[38;2;255;255;000mGPU Worker 0 got 1000 results, checking targets...
[0m[38;2;000;255;255mGPU Worker 0 processing batch: nonces 121000-121999
[0m[38;2;255;255;000mGPU Worker 0 generating 1000 circuits...
[0m[38;2;255;255;000mGPU Worker 0 simulating 1000 circuits on GPU...
[0m[38;2;255;255;000mGPU Worker 0 got 1000 results, checking targets...
[0m[38;2;000;255;255mGPU Worker 0 processing batch: nonces 122000-122999
[0m[38;2;255;255;000mGPU Worker 0 generating 1000 circuits...
[0m[38;2;255;255;000mGPU Worker 0 simulating 1000 circuits on GPU...
[0m[38;2;255;255;000mGPU Worker 0 got 1000 results, checking targets...
[0m[38;2;000;255;255mGPU Worker 0 processing batch: nonces 123000-123999
[0m[38;2;255;255;000mGPU Worker 0 generating 1000 circuits...
[0m[38;2;255;255;000mGPU Worker 0 simulating 1000 circuits on GPU...
[0m[38;2;255;255;000mGPU Worker 0 got 1000 results, checking targets...
[0m[38;2;000;255;255mGPU Worker 0 hashrate: 3.20 KH/s (1000 batch)
[0m[38;2;000;255;255mGPU Worker 0 processing batch: nonces 124000-124999
[0m[38;2;255;255;000mGPU Worker 0 generating 1000 circuits...
[0m[38;2;255;255;000mGPU Worker 0 simulating 1000 circuits on GPU...
[0m[38;2;255;255;000mGPU Worker 0 got 1000 results, checking targets...
[0m[38;2;000;255;255mGPU Worker 0 processing batch: nonces 125000-125999
[0m[38;2;255;255;000mGPU Worker 0 generating 1000 circuits...
[0m[38;2;255;255;000mGPU Worker 0 simulating 1000 circuits on GPU...
[0m[38;2;255;255;000mGPU Worker 0 got 1000 results, checking targets...
[0m[38;2;000;255;255mGPU Worker 0 processing batch: nonces 126000-126999
[0m[38;2;255;255;000mGPU Worker 0 generating 1000 circuits...
[0m[38;2;255;255;000mGPU Worker 0 simulating 1000 circuits on GPU...
[0m[38;2;255;255;000mGPU Worker 0 got 1000 results, checking targets...
[0m[38;2;000;255;255mGPU Worker 0 processing batch: nonces 127000-127999
[0m[38;2;255;255;000mGPU Worker 0 generating 1000 circuits...
[0m[38;2;255;255;000mGPU Worker 0 simulating 1000 circuits on GPU...
[0m[38;2;255;255;000mGPU Worker 0 got 1000 results, checking targets...
[0m[38;2;000;255;255mGPU Worker 0 processing batch: nonces 128000-128999
[0m[38;2;255;255;000mGPU Worker 0 generating 1000 circuits...
[0m[38;2;255;255;000mGPU Worker 0 simulating 1000 circuits on GPU...
[0m[38;2;255;255;000mGPU Worker 0 got 1000 results, checking targets...
[0m[38;2;000;255;255mGPU Worker 0 processing batch: nonces 129000-129999
[0m[38;2;255;255;000mGPU Worker 0 generating 1000 circuits...
[0m[38;2;255;255;000mGPU Worker 0 simulating 1000 circuits on GPU...
[0m[38;2;255;255;000mGPU Worker 0 got 1000 results, checking targets...
[0m[38;2;000;255;255mGPU Worker 0 processing batch: nonces 130000-130999
[0m[38;2;255;255;000mGPU Worker 0 generating 1000 circuits...
[0m[38;2;255;255;000mGPU Worker 0 simulating 1000 circuits on GPU...
[0m[38;2;255;255;000mGPU Worker 0 got 1000 results, checking targets...
[0m[38;2;000;255;255mGPU Worker 0 processing batch: nonces 131000-131999
[0m[38;2;255;255;000mGPU Worker 0 generating 1000 circuits...
[0m[38;2;255;255;000mGPU Worker 0 simulating 1000 circuits on GPU...
[0m[38;2;255;255;000mGPU Worker 0 got 1000 results, checking targets...
[0m[38;2;000;255;255mGPU Worker 0 processing batch: nonces 132000-132999
[0m[38;2;255;255;000mGPU Worker 0 generating 1000 circuits...
[0m[38;2;255;255;000mGPU Worker 0 simulating 1000 circuits on GPU...
[0m[38;2;255;255;000mGPU Worker 0 got 1000 results, checking targets...
[0m[38;2;000;255;255mGPU Worker 0 processing batch: nonces 133000-133999
[0m[38;2;255;255;000mGPU Worker 0 generating 1000 circuits...
[0m[38;2;255;255;000mGPU Worker 0 simulating 1000 circuits on GPU...
[0m[38;2;255;255;000mGPU Worker 0 got 1000 results, checking targets...
[0m[38;2;000;255;255mGPU Worker 0 processing batch: nonces 134000-134999
[0m[38;2;255;255;000mGPU Worker 0 generating 1000 circuits...
[0m[38;2;255;255;000mGPU Worker 0 simulating 1000 circuits on GPU...
[0m[38;2;255;255;000mGPU Worker 0 got 1000 results, checking targets...
[0m[38;2;000;255;255mGPU Worker 0 processing batch: nonces 135000-135999
[0m[38;2;255;255;000mGPU Worker 0 generating 1000 circuits...
[0m[38;2;255;255;000mGPU Worker 0 simulating 1000 circuits on GPU...
[0m[38;2;255;255;000mGPU Worker 0 got 1000 results, checking targets...
[0m[38;2;000;255;255mGPU Worker 0 processing batch: nonces 136000-136999
[0m[38;2;255;255;000mGPU Worker 0 generating 1000 circuits...
[0m[38;2;255;255;000mGPU Worker 0 simulating 1000 circuits on GPU...
[0m[38;2;255;255;000mGPU Worker 0 got 1000 results, checking targets...
[0m[38;2;000;255;255mGPU Worker 0 processing batch: nonces 137000-137999
[0m[38;2;255;255;000mGPU Worker 0 generating 1000 circuits...
[0m[38;2;255;255;000mGPU Worker 0 simulating 1000 circuits on GPU...
[0m[38;2;255;255;000mGPU Worker 0 got 1000 results, checking targets...
[0m[38;2;000;255;255mGPU Worker 0 processing batch: nonces 138000-138999
[0m[38;2;255;255;000mGPU Worker 0 generating 1000 circuits...
[0m[38;2;255;255;000mGPU Worker 0 simulating 1000 circuits on GPU...
[0m[38;2;255;255;000mGPU Worker 0 got 1000 results, checking targets...
[0m[38;2;000;255;255mGPU Worker 0 processing batch: nonces 139000-139999
[0m[38;2;255;255;000mGPU Worker 0 generating 1000 circuits...
[0m[38;2;255;255;000mGPU Worker 0 simulating 1000 circuits on GPU...
[0m[38;2;255;255;000mGPU Worker 0 got 1000 results, checking targets...
[0m[38;2;000;255;255mGPU Worker 0 hashrate: 3.20 KH/s (1000 batch)
[0m[38;2;000;255;255mGPU Worker 0 processing batch: nonces 140000-140999
[0m[38;2;255;255;000mGPU Worker 0 generating 1000 circuits...
[0m[38;2;255;255;000mGPU Worker 0 simulating 1000 circuits on GPU...
[0m[38;2;255;255;000mGPU Worker 0 got 1000 results, checking targets...
[0m[38;2;000;255;255mGPU Worker 0 processing batch: nonces 141000-141999
[0m[38;2;255;255;000mGPU Worker 0 generating 1000 circuits...
[0m[38;2;255;255;000mGPU Worker 0 simulating 1000 circuits on GPU...
[0m[38;2;255;255;000mGPU Worker 0 got 1000 results, checking targets...
[0m[38;2;000;255;255mGPU Worker 0 processing batch: nonces 142000-142999
[0m[38;2;255;255;000mGPU Worker 0 generating 1000 circuits...
[0m[38;2;255;255;000mGPU Worker 0 simulating 1000 circuits on GPU...
[0m[38;2;255;255;000mGPU Worker 0 got 1000 results, checking targets...
[0m[38;2;000;255;255mGPU Worker 0 processing batch: nonces 143000-143999
[0m[38;2;255;255;000mGPU Worker 0 generating 1000 circuits...
[0m[38;2;255;255;000mGPU Worker 0 simulating 1000 circuits on GPU...
[0m[38;2;255;255;000mGPU Worker 0 got 1000 results, checking targets...
[0m[38;2;000;255;255mGPU Worker 0 processing batch: nonces 144000-144999
[0m[38;2;255;255;000mGPU Worker 0 generating 1000 circuits...
[0m[38;2;255;255;000mGPU Worker 0 simulating 1000 circuits on GPU...
[0m[38;2;255;255;000mGPU Worker 0 got 1000 results, checking targets...
[0m[38;2;000;255;255mGPU Worker 0 processing batch: nonces 145000-145999
[0m[38;2;255;255;000mGPU Worker 0 generating 1000 circuits...
[0m[38;2;255;255;000mGPU Worker 0 simulating 1000 circuits on GPU...
[0m[38;2;255;255;000mGPU Worker 0 got 1000 results, checking targets...
[0m[38;2;000;255;255mGPU Worker 0 processing batch: nonces 146000-146999
[0m[38;2;255;255;000mGPU Worker 0 generating 1000 circuits...
[0m[38;2;255;255;000mGPU Worker 0 simulating 1000 circuits on GPU...
[0m[38;2;255;255;000mGPU Worker 0 got 1000 results, checking targets...
[0m[38;2;000;255;255mGPU Worker 0 processing batch: nonces 147000-147999
[0m[38;2;255;255;000mGPU Worker 0 generating 1000 circuits...
[0m[38;2;255;255;000mGPU Worker 0 simulating 1000 circuits on GPU...
[0m[38;2;255;255;000mGPU Worker 0 got 1000 results, checking targets...
[0m[38;2;000;255;255mGPU Worker 0 processing batch: nonces 148000-148999
[0m[38;2;255;255;000mGPU Worker 0 generating 1000 circuits...
[0m[38;2;255;255;000mGPU Worker 0 simulating 1000 circuits on GPU...
[0m[38;2;000;255;255m
=== Job Statistics ===
[0mJobs Received: 2
Jobs Processed: 2
Jobs Pending: 0
Jobs Dispatched: 2
Active Workers: 1
Dispatch Rate: 0.10 jobs/sec
[38;2;255;255;000m
=== Mining Statistics ===
[0mCurrent Difficulty: 1
Hashrate: 3.20 KH/s
Total Hashes: 148000
Active Workers: 1
Estimated Time to Share: 15.5 days
Shares Accepted: 0 [38;2;000;128;000m✓
[0mShares Rejected: 0 ✗
[38;2;000;255;255m========================

[0m[38;2;255;255;000mGPU Worker 0 got 1000 results, checking targets...
[0m[38;2;000;255;255mGPU Worker 0 processing batch: nonces 149000-149999
[0m[38;2;255;255;000mGPU Worker 0 generating 1000 circuits...
[0m[38;2;255;255;000mGPU Worker 0 simulating 1000 circuits on GPU...
[0m[38;2;255;255;000mGPU Worker 0 got 1000 results, checking targets...
[0m[38;2;000;255;255mGPU Worker 0 processing batch: nonces 150000-150999
[0m[38;2;255;255;000mGPU Worker 0 generating 1000 circuits...
[0m[38;2;255;255;000mGPU Worker 0 simulating 1000 circuits on GPU...
[0m[38;2;255;255;000mGPU Worker 0 got 1000 results, checking targets...
[0m[38;2;000;255;255mGPU Worker 0 processing batch: nonces 151000-151999
[0m[38;2;255;255;000mGPU Worker 0 generating 1000 circuits...
[0m[38;2;255;255;000mGPU Worker 0 simulating 1000 circuits on GPU...
[0m[38;2;255;255;000mGPU Worker 0 got 1000 results, checking targets...
[0m[38;2;000;255;255mGPU Worker 0 processing batch: nonces 152000-152999
[0m[38;2;255;255;000mGPU Worker 0 generating 1000 circuits...
[0m[38;2;255;255;000mGPU Worker 0 simulating 1000 circuits on GPU...
[0m[38;2;255;255;000mGPU Worker 0 got 1000 results, checking targets...
[0m[38;2;000;255;255mGPU Worker 0 processing batch: nonces 153000-153999
[0m[38;2;255;255;000mGPU Worker 0 generating 1000 circuits...
[0m[38;2;255;255;000mGPU Worker 0 simulating 1000 circuits on GPU...
[0m[38;2;255;255;000mGPU Worker 0 got 1000 results, checking targets...
[0m[38;2;000;255;255mGPU Worker 0 processing batch: nonces 154000-154999
[0m[38;2;255;255;000mGPU Worker 0 generating 1000 circuits...
[0m[38;2;255;255;000mGPU Worker 0 simulating 1000 circuits on GPU...
[0m[38;2;255;255;000mGPU Worker 0 got 1000 results, checking targets...
[0m[38;2;000;255;255mGPU Worker 0 hashrate: 3.00 KH/s (1000 batch)
[0m[38;2;000;255;255mGPU Worker 0 processing batch: nonces 155000-155999
[0m[38;2;255;255;000mGPU Worker 0 generating 1000 circuits...
[0m[38;2;255;255;000mGPU Worker 0 simulating 1000 circuits on GPU...
[0m[38;2;255;255;000mGPU Worker 0 got 1000 results, checking targets...
[0m[38;2;000;255;255mGPU Worker 0 processing batch: nonces 156000-156999
[0m[38;2;255;255;000mGPU Worker 0 generating 1000 circuits...
[0m[38;2;255;255;000mGPU Worker 0 simulating 1000 circuits on GPU...
[0m[38;2;255;255;000mGPU Worker 0 got 1000 results, checking targets...
[0m[38;2;000;255;255mGPU Worker 0 processing batch: nonces 157000-157999
[0m[38;2;255;255;000mGPU Worker 0 generating 1000 circuits...
[0m[38;2;255;255;000mGPU Worker 0 simulating 1000 circuits on GPU...
[0m[38;2;255;255;000mGPU Worker 0 got 1000 results, checking targets...
[0m[38;2;000;255;255mGPU Worker 0 processing batch: nonces 158000-158999
[0m[38;2;255;255;000mGPU Worker 0 generating 1000 circuits...
[0m[38;2;255;255;000mGPU Worker 0 simulating 1000 circuits on GPU...
[0m[38;2;255;255;000mGPU Worker 0 got 1000 results, checking targets...
[0m[38;2;000;255;255mGPU Worker 0 processing batch: nonces 159000-159999
[0m[38;2;255;255;000mGPU Worker 0 generating 1000 circuits...
[0m[38;2;255;255;000mGPU Worker 0 simulating 1000 circuits on GPU...
[0m[38;2;255;255;000mGPU Worker 0 got 1000 results, checking targets...
[0m[38;2;000;255;255mGPU Worker 0 processing batch: nonces 160000-160999
[0m[38;2;255;255;000mGPU Worker 0 generating 1000 circuits...
[0m[38;2;255;255;000mGPU Worker 0 simulating 1000 circuits on GPU...
[0m[38;2;255;255;000mGPU Worker 0 got 1000 results, checking targets...
[0m[38;2;000;255;255mGPU Worker 0 processing batch: nonces 161000-161999
[0m[38;2;255;255;000mGPU Worker 0 generating 1000 circuits...
[0m[38;2;255;255;000mGPU Worker 0 simulating 1000 circuits on GPU...
[0m[38;2;255;255;000mGPU Worker 0 got 1000 results, checking targets...
[0m[38;2;000;255;255mGPU Worker 0 processing batch: nonces 162000-162999
[0m[38;2;255;255;000mGPU Worker 0 generating 1000 circuits...
[0m[38;2;255;255;000mGPU Worker 0 simulating 1000 circuits on GPU...
[0m[38;2;255;255;000mGPU Worker 0 got 1000 results, checking targets...
[0m[38;2;000;255;255mGPU Worker 0 processing batch: nonces 163000-163999
[0m[38;2;255;255;000mGPU Worker 0 generating 1000 circuits...
[0m[38;2;255;255;000mGPU Worker 0 simulating 1000 circuits on GPU...
[0m[38;2;255;255;000mGPU Worker 0 got 1000 results, checking targets...
[0m[38;2;000;255;255mGPU Worker 0 processing batch: nonces 164000-164999
[0m[38;2;255;255;000mGPU Worker 0 generating 1000 circuits...
[0m[38;2;255;255;000mGPU Worker 0 simulating 1000 circuits on GPU...
[0m[38;2;255;255;000mGPU Worker 0 got 1000 results, checking targets...
[0m[38;2;000;255;255mGPU Worker 0 processing batch: nonces 165000-165999
[0m[38;2;255;255;000mGPU Worker 0 generating 1000 circuits...
[0m[38;2;255;255;000mGPU Worker 0 simulating 1000 circuits on GPU...
[0m[38;2;255;255;000mGPU Worker 0 got 1000 results, checking targets...
[0m[38;2;000;255;255mGPU Worker 0 processing batch: nonces 166000-166999
[0m[38;2;255;255;000mGPU Worker 0 generating 1000 circuits...
[0m[38;2;255;255;000mGPU Worker 0 simulating 1000 circuits on GPU...
[0m[38;2;255;255;000mGPU Worker 0 got 1000 results, checking targets...
[0m[38;2;000;255;255mGPU Worker 0 processing batch: nonces 167000-167999
[0m[38;2;255;255;000mGPU Worker 0 generating 1000 circuits...
[0m[38;2;255;255;000mGPU Worker 0 simulating 1000 circuits on GPU...
[0m[38;2;255;255;000mGPU Worker 0 got 1000 results, checking targets...
[0m[38;2;000;255;255mGPU Worker 0 processing batch: nonces 168000-168999
[0m[38;2;255;255;000mGPU Worker 0 generating 1000 circuits...
[0m[38;2;255;255;000mGPU Worker 0 simulating 1000 circuits on GPU...
[0m[38;2;255;255;000mGPU Worker 0 got 1000 results, checking targets...
[0m[38;2;000;255;255mGPU Worker 0 processing batch: nonces 169000-169999
[0m[38;2;255;255;000mGPU Worker 0 generating 1000 circuits...
[0m[38;2;255;255;000mGPU Worker 0 simulating 1000 circuits on GPU...
[0m[38;2;255;255;000mGPU Worker 0 got 1000 results, checking targets...
[0m[38;2;000;255;255mGPU Worker 0 hashrate: 3.00 KH/s (1000 batch)
[0m[38;2;000;255;255mGPU Worker 0 processing batch: nonces 170000-170999
[0m[38;2;255;255;000mGPU Worker 0 generating 1000 circuits...
[0m[38;2;255;255;000mGPU Worker 0 simulating 1000 circuits on GPU...
[0m[38;2;255;255;000mGPU Worker 0 got 1000 results, checking targets...
[0m[38;2;000;255;255mGPU Worker 0 processing batch: nonces 171000-171999
[0m[38;2;255;255;000mGPU Worker 0 generating 1000 circuits...
[0m[38;2;255;255;000mGPU Worker 0 simulating 1000 circuits on GPU...
[0m[38;2;255;255;000mGPU Worker 0 got 1000 results, checking targets...
[0m[38;2;000;255;255mGPU Worker 0 processing batch: nonces 172000-172999
[0m[38;2;255;255;000mGPU Worker 0 generating 1000 circuits...
[0m[38;2;255;255;000mGPU Worker 0 simulating 1000 circuits on GPU...
[0m[38;2;255;255;000mGPU Worker 0 got 1000 results, checking targets...
[0m[38;2;000;255;255mGPU Worker 0 processing batch: nonces 173000-173999
[0m[38;2;255;255;000mGPU Worker 0 generating 1000 circuits...
[0m[38;2;255;255;000mGPU Worker 0 simulating 1000 circuits on GPU...
[0m[38;2;255;255;000mGPU Worker 0 got 1000 results, checking targets...
[0m[38;2;000;255;255mGPU Worker 0 processing batch: nonces 174000-174999
[0m[38;2;255;255;000mGPU Worker 0 generating 1000 circuits...
[0m[38;2;255;255;000mGPU Worker 0 simulating 1000 circuits on GPU...
[0m[38;2;255;255;000mGPU Worker 0 got 1000 results, checking targets...
[0m[38;2;000;255;255mGPU Worker 0 processing batch: nonces 175000-175999
[0m[38;2;255;255;000mGPU Worker 0 generating 1000 circuits...
[0m[38;2;255;255;000mGPU Worker 0 simulating 1000 circuits on GPU...
[0m[38;2;255;255;000mGPU Worker 0 got 1000 results, checking targets...
[0m[38;2;000;255;255mGPU Worker 0 processing batch: nonces 176000-176999
[0m[38;2;255;255;000mGPU Worker 0 generating 1000 circuits...
[0m[38;2;255;255;000mGPU Worker 0 simulating 1000 circuits on GPU...
[0m[38;2;255;255;000mGPU Worker 0 got 1000 results, checking targets...
[0m[38;2;000;255;255mGPU Worker 0 processing batch: nonces 177000-177999
[0m[38;2;255;255;000mGPU Worker 0 generating 1000 circuits...
[0m[38;2;255;255;000mGPU Worker 0 simulating 1000 circuits on GPU...
[0m[38;2;255;255;000mGPU Worker 0 got 1000 results, checking targets...
[0m[38;2;000;255;255mGPU Worker 0 processing batch: nonces 178000-178999
[0m[38;2;255;255;000mGPU Worker 0 generating 1000 circuits...
[0m[38;2;255;255;000mGPU Worker 0 simulating 1000 circuits on GPU...
[0m[38;2;000;255;255m
=== Job Statistics ===
[0mJobs Received: 2
Jobs Processed: 2
Jobs Pending: 0
Jobs Dispatched: 2
Active Workers: 1
Dispatch Rate: 0.10 jobs/sec
[38;2;255;255;000m
=== Mining Statistics ===
[0mCurrent Difficulty: 1
Hashrate: 3.00 KH/s
Total Hashes: 178000
Active Workers: 1
Estimated Time to Share: 16.6 days
Shares Accepted: 0 [38;2;000;128;000m✓
[0mShares Rejected: 0 ✗
[38;2;000;255;255m========================

[0m[38;2;255;255;000mGPU Worker 0 got 1000 results, checking targets...
[0m[38;2;000;255;255mGPU Worker 0 processing batch: nonces 179000-179999
[0m[38;2;255;255;000mGPU Worker 0 generating 1000 circuits...
[0m[38;2;255;255;000mGPU Worker 0 simulating 1000 circuits on GPU...
[0m[38;2;255;255;000mGPU Worker 0 got 1000 results, checking targets...
[0m[38;2;000;255;255mGPU Worker 0 processing batch: nonces 180000-180999
[0m[38;2;255;255;000mGPU Worker 0 generating 1000 circuits...
[0m[38;2;255;255;000mGPU Worker 0 simulating 1000 circuits on GPU...
[0m[38;2;255;255;000mGPU Worker 0 got 1000 results, checking targets...
[0m[38;2;000;255;255mGPU Worker 0 processing batch: nonces 181000-181999
[0m[38;2;255;255;000mGPU Worker 0 generating 1000 circuits...
[0m[38;2;255;255;000mGPU Worker 0 simulating 1000 circuits on GPU...
[0m[38;2;255;255;000mGPU Worker 0 got 1000 results, checking targets...
[0m[38;2;000;255;255mGPU Worker 0 processing batch: nonces 182000-182999
[0m[38;2;255;255;000mGPU Worker 0 generating 1000 circuits...
[0m[38;2;255;255;000mGPU Worker 0 simulating 1000 circuits on GPU...
[0m[38;2;255;255;000mGPU Worker 0 got 1000 results, checking targets...
[0m[38;2;000;255;255mGPU Worker 0 processing batch: nonces 183000-183999
[0m[38;2;255;255;000mGPU Worker 0 generating 1000 circuits...
[0m[38;2;255;255;000mGPU Worker 0 simulating 1000 circuits on GPU...
[0m[38;2;255;255;000mGPU Worker 0 got 1000 results, checking targets...
[0m[38;2;000;255;255mGPU Worker 0 processing batch: nonces 184000-184999
[0m[38;2;255;255;000mGPU Worker 0 generating 1000 circuits...
[0m[38;2;255;255;000mGPU Worker 0 simulating 1000 circuits on GPU...
[0m[38;2;255;255;000mGPU Worker 0 got 1000 results, checking targets...
[0m[38;2;000;255;255mGPU Worker 0 hashrate: 3.00 KH/s (1000 batch)
[0m[38;2;000;255;255mGPU Worker 0 processing batch: nonces 185000-185999
[0m[38;2;255;255;000mGPU Worker 0 generating 1000 circuits...
[0m[38;2;255;255;000mGPU Worker 0 simulating 1000 circuits on GPU...
[0m[38;2;255;255;000mGPU Worker 0 got 1000 results, checking targets...
[0m[38;2;000;255;255mGPU Worker 0 processing batch: nonces 186000-186999
[0m[38;2;255;255;000mGPU Worker 0 generating 1000 circuits...
[0m[38;2;255;255;000mGPU Worker 0 simulating 1000 circuits on GPU...
[0m[38;2;255;255;000mGPU Worker 0 got 1000 results, checking targets...
[0m[38;2;000;255;255mGPU Worker 0 processing batch: nonces 187000-187999
[0m[38;2;255;255;000mGPU Worker 0 generating 1000 circuits...
[0m[38;2;255;255;000mGPU Worker 0 simulating 1000 circuits on GPU...
[0m[38;2;255;255;000mGPU Worker 0 got 1000 results, checking targets...
[0m[38;2;000;255;255mGPU Worker 0 processing batch: nonces 188000-188999
[0m[38;2;255;255;000mGPU Worker 0 generating 1000 circuits...
[0m[38;2;255;255;000mGPU Worker 0 simulating 1000 circuits on GPU...
[0m[38;2;255;255;000mGPU Worker 0 got 1000 results, checking targets...
[0m[38;2;000;255;255mGPU Worker 0 processing batch: nonces 189000-189999
[0m[38;2;255;255;000mGPU Worker 0 generating 1000 circuits...
[0m[38;2;255;255;000mGPU Worker 0 simulating 1000 circuits on GPU...
[0m[38;2;255;255;000mGPU Worker 0 got 1000 results, checking targets...
[0m[38;2;000;255;255mGPU Worker 0 processing batch: nonces 190000-190999
[0m[38;2;255;255;000mGPU Worker 0 generating 1000 circuits...
[0m[38;2;255;255;000mGPU Worker 0 simulating 1000 circuits on GPU...
[0m[38;2;255;255;000mGPU Worker 0 got 1000 results, checking targets...
[0m[38;2;000;255;255mGPU Worker 0 processing batch: nonces 191000-191999
[0m[38;2;255;255;000mGPU Worker 0 generating 1000 circuits...
[0m[38;2;255;255;000mGPU Worker 0 simulating 1000 circuits on GPU...
[0m[38;2;255;255;000mGPU Worker 0 got 1000 results, checking targets...
[0m[38;2;000;255;255mGPU Worker 0 processing batch: nonces 192000-192999
[0m[38;2;255;255;000mGPU Worker 0 generating 1000 circuits...
[0m[38;2;255;255;000mGPU Worker 0 simulating 1000 circuits on GPU...
[0m[38;2;255;255;000mGPU Worker 0 got 1000 results, checking targets...
[0m[38;2;000;255;255mGPU Worker 0 processing batch: nonces 193000-193999
[0m[38;2;255;255;000mGPU Worker 0 generating 1000 circuits...
[0m[38;2;255;255;000mGPU Worker 0 simulating 1000 circuits on GPU...
[0m[38;2;255;255;000mGPU Worker 0 got 1000 results, checking targets...
[0m[38;2;000;255;255mGPU Worker 0 processing batch: nonces 194000-194999
[0m[38;2;255;255;000mGPU Worker 0 generating 1000 circuits...
[0m[38;2;255;255;000mGPU Worker 0 simulating 1000 circuits on GPU...
[0m[38;2;255;255;000mGPU Worker 0 got 1000 results, checking targets...
[0m[38;2;000;255;255mGPU Worker 0 processing batch: nonces 195000-195999
[0m[38;2;255;255;000mGPU Worker 0 generating 1000 circuits...
[0m[38;2;255;255;000mGPU Worker 0 simulating 1000 circuits on GPU...
[0m[38;2;255;255;000mGPU Worker 0 got 1000 results, checking targets...
[0m[38;2;000;255;255mGPU Worker 0 processing batch: nonces 196000-196999
[0m[38;2;255;255;000mGPU Worker 0 generating 1000 circuits...
[0m[38;2;255;255;000mGPU Worker 0 simulating 1000 circuits on GPU...
[0m[38;2;255;255;000mGPU Worker 0 got 1000 results, checking targets...
[0m[38;2;000;255;255mGPU Worker 0 processing batch: nonces 197000-197999
[0m[38;2;255;255;000mGPU Worker 0 generating 1000 circuits...
[0m[38;2;255;255;000mGPU Worker 0 simulating 1000 circuits on GPU...
[0m[38;2;255;255;000mGPU Worker 0 got 1000 results, checking targets...
[0m[38;2;000;255;255mGPU Worker 0 processing batch: nonces 198000-198999
[0m[38;2;255;255;000mGPU Worker 0 generating 1000 circuits...
[0m[38;2;255;255;000mGPU Worker 0 simulating 1000 circuits on GPU...
[0m[38;2;255;255;000mGPU Worker 0 got 1000 results, checking targets...
[0m[38;2;000;255;255mGPU Worker 0 processing batch: nonces 199000-199999
[0m[38;2;255;255;000mGPU Worker 0 generating 1000 circuits...
[0m[38;2;255;255;000mGPU Worker 0 simulating 1000 circuits on GPU...
[0m[38;2;255;255;000mGPU Worker 0 got 1000 results, checking targets...
[0m[38;2;000;255;255mGPU Worker 0 processing batch: nonces 200000-200999
[0m[38;2;255;255;000mGPU Worker 0 generating 1000 circuits...
[0m[38;2;255;255;000mGPU Worker 0 simulating 1000 circuits on GPU...
[0m[38;2;255;255;000mGPU Worker 0 got 1000 results, checking targets...
[0m[38;2;000;255;255mGPU Worker 0 hashrate: 3.20 KH/s (1000 batch)
[0m[38;2;000;255;255mGPU Worker 0 processing batch: nonces 201000-201999
[0m[38;2;255;255;000mGPU Worker 0 generating 1000 circuits...
[0m[38;2;255;255;000mGPU Worker 0 simulating 1000 circuits on GPU...
[0m[38;2;255;255;000mGPU Worker 0 got 1000 results, checking targets...
[0m[38;2;000;255;255mGPU Worker 0 processing batch: nonces 202000-202999
[0m[38;2;255;255;000mGPU Worker 0 generating 1000 circuits...
[0m[38;2;255;255;000mGPU Worker 0 simulating 1000 circuits on GPU...
[0m[38;2;255;255;000mGPU Worker 0 got 1000 results, checking targets...
[0m[38;2;000;255;255mGPU Worker 0 processing batch: nonces 203000-203999
[0m[38;2;255;255;000mGPU Worker 0 generating 1000 circuits...
[0m[38;2;255;255;000mGPU Worker 0 simulating 1000 circuits on GPU...
[0m[38;2;255;255;000mGPU Worker 0 got 1000 results, checking targets...
[0m[38;2;000;255;255mGPU Worker 0 processing batch: nonces 204000-204999
[0m[38;2;255;255;000mGPU Worker 0 generating 1000 circuits...
[0m[38;2;255;255;000mGPU Worker 0 simulating 1000 circuits on GPU...
[0m[38;2;255;255;000mGPU Worker 0 got 1000 results, checking targets...
[0m[38;2;000;255;255mGPU Worker 0 processing batch: nonces 205000-205999
[0m[38;2;255;255;000mGPU Worker 0 generating 1000 circuits...
[0m[38;2;255;255;000mGPU Worker 0 simulating 1000 circuits on GPU...
[0m[38;2;255;255;000mGPU Worker 0 got 1000 results, checking targets...
[0m[38;2;000;255;255mGPU Worker 0 processing batch: nonces 206000-206999
[0m[38;2;255;255;000mGPU Worker 0 generating 1000 circuits...
[0m[38;2;255;255;000mGPU Worker 0 simulating 1000 circuits on GPU...
[0m[38;2;255;255;000mGPU Worker 0 got 1000 results, checking targets...
[0m[38;2;000;255;255mGPU Worker 0 processing batch: nonces 207000-207999
[0m[38;2;255;255;000mGPU Worker 0 generating 1000 circuits...
[0m[38;2;255;255;000mGPU Worker 0 simulating 1000 circuits on GPU...
[0m[38;2;255;255;000mGPU Worker 0 got 1000 results, checking targets...
[0m[38;2;000;255;255mGPU Worker 0 processing batch: nonces 208000-208999
[0m[38;2;255;255;000mGPU Worker 0 generating 1000 circuits...
[0m[38;2;255;255;000mGPU Worker 0 simulating 1000 circuits on GPU...
[0m[38;2;000;255;255m
=== Job Statistics ===
[0mJobs Received: 2
Jobs Processed: 2
Jobs Pending: 0
Jobs Dispatched: 2
Active Workers: 1
Dispatch Rate: 0.10 jobs/sec
[38;2;255;255;000m
=== Mining Statistics ===
[0mCurrent Difficulty: 1
Hashrate: 3.20 KH/s
Total Hashes: 208000
Active Workers: 1
Estimated Time to Share: 15.5 days
Shares Accepted: 0 [38;2;000;128;000m✓
[0mShares Rejected: 0 ✗
[38;2;000;255;255m========================

[0m[38;2;255;255;000mGPU Worker 0 got 1000 results, checking targets...
[0m[38;2;000;255;255mGPU Worker 0 processing batch: nonces 209000-209999
[0m[38;2;255;255;000mGPU Worker 0 generating 1000 circuits...
[0m[38;2;255;255;000mGPU Worker 0 simulating 1000 circuits on GPU...
[0m[38;2;255;255;000mGPU Worker 0 got 1000 results, checking targets...
[0m[38;2;000;255;255mGPU Worker 0 processing batch: nonces 210000-210999
[0m[38;2;255;255;000mGPU Worker 0 generating 1000 circuits...
[0m[38;2;255;255;000mGPU Worker 0 simulating 1000 circuits on GPU...
[0m[38;2;255;255;000mGPU Worker 0 got 1000 results, checking targets...
[0m[38;2;000;255;255mGPU Worker 0 processing batch: nonces 211000-211999
[0m[38;2;255;255;000mGPU Worker 0 generating 1000 circuits...
[0m[38;2;255;255;000mGPU Worker 0 simulating 1000 circuits on GPU...
[0m[38;2;255;255;000mGPU Worker 0 got 1000 results, checking targets...
[0m[38;2;000;255;255mGPU Worker 0 processing batch: nonces 212000-212999
[0m[38;2;255;255;000mGPU Worker 0 generating 1000 circuits...
[0m[38;2;255;255;000mGPU Worker 0 simulating 1000 circuits on GPU...
[0m[38;2;255;255;000mGPU Worker 0 got 1000 results, checking targets...
[0m[38;2;000;255;255mGPU Worker 0 processing batch: nonces 213000-213999
[0m[38;2;255;255;000mGPU Worker 0 generating 1000 circuits...
[0m[38;2;255;255;000mGPU Worker 0 simulating 1000 circuits on GPU...
[0m[38;2;255;255;000mGPU Worker 0 got 1000 results, checking targets...
[0m[38;2;000;255;255mGPU Worker 0 processing batch: nonces 214000-214999
[0m[38;2;255;255;000mGPU Worker 0 generating 1000 circuits...
[0m[38;2;255;255;000mGPU Worker 0 simulating 1000 circuits on GPU...
[0m[38;2;255;255;000mGPU Worker 0 got 1000 results, checking targets...
[0m[38;2;000;255;255mGPU Worker 0 processing batch: nonces 215000-215999
[0m[38;2;255;255;000mGPU Worker 0 generating 1000 circuits...
[0m[38;2;255;255;000mGPU Worker 0 simulating 1000 circuits on GPU...
[0m[38;2;255;255;000mGPU Worker 0 got 1000 results, checking targets...
[0m[38;2;000;255;255mGPU Worker 0 processing batch: nonces 216000-216999
[0m[38;2;255;255;000mGPU Worker 0 generating 1000 circuits...
[0m[38;2;255;255;000mGPU Worker 0 simulating 1000 circuits on GPU...
[0m[38;2;255;255;000mGPU Worker 0 got 1000 results, checking targets...
[0m[38;2;000;255;255mGPU Worker 0 hashrate: 3.20 KH/s (1000 batch)
[0m[38;2;000;255;255mGPU Worker 0 processing batch: nonces 217000-217999
[0m[38;2;255;255;000mGPU Worker 0 generating 1000 circuits...
[0m[38;2;255;255;000mGPU Worker 0 simulating 1000 circuits on GPU...
[0m[38;2;255;255;000mGPU Worker 0 got 1000 results, checking targets...
[0m[38;2;000;255;255mGPU Worker 0 processing batch: nonces 218000-218999
[0m[38;2;255;255;000mGPU Worker 0 generating 1000 circuits...
[0m[38;2;255;255;000mGPU Worker 0 simulating 1000 circuits on GPU...
[0m[38;2;255;255;000mGPU Worker 0 got 1000 results, checking targets...
[0m[38;2;000;255;255mGPU Worker 0 processing batch: nonces 219000-219999
[0m[38;2;255;255;000mGPU Worker 0 generating 1000 circuits...
[0m[38;2;255;255;000mGPU Worker 0 simulating 1000 circuits on GPU...
[0m[38;2;255;255;000mGPU Worker 0 got 1000 results, checking targets...
[0m[38;2;000;255;255mGPU Worker 0 processing batch: nonces 220000-220999
[0m[38;2;255;255;000mGPU Worker 0 generating 1000 circuits...
[0m[38;2;255;255;000mGPU Worker 0 simulating 1000 circuits on GPU...
[0m[38;2;255;255;000mGPU Worker 0 got 1000 results, checking targets...
[0m[38;2;000;255;255mGPU Worker 0 processing batch: nonces 221000-221999
[0m[38;2;255;255;000mGPU Worker 0 generating 1000 circuits...
[0m[38;2;255;255;000mGPU Worker 0 simulating 1000 circuits on GPU...
[0m[38;2;255;255;000mGPU Worker 0 got 1000 results, checking targets...
[0m[38;2;000;255;255mGPU Worker 0 processing batch: nonces 222000-222999
[0m[38;2;255;255;000mGPU Worker 0 generating 1000 circuits...
[0m[38;2;255;255;000mGPU Worker 0 simulating 1000 circuits on GPU...
[0m[38;2;255;255;000mGPU Worker 0 got 1000 results, checking targets...
[0m[38;2;000;255;255mGPU Worker 0 processing batch: nonces 223000-223999
[0m[38;2;255;255;000mGPU Worker 0 generating 1000 circuits...
[0m[38;2;255;255;000mGPU Worker 0 simulating 1000 circuits on GPU...
[0m[38;2;255;255;000mGPU Worker 0 got 1000 results, checking targets...
[0m[38;2;000;255;255mGPU Worker 0 processing batch: nonces 224000-224999
[0m[38;2;255;255;000mGPU Worker 0 generating 1000 circuits...
[0m[38;2;255;255;000mGPU Worker 0 simulating 1000 circuits on GPU...
[0m[38;2;255;255;000mGPU Worker 0 got 1000 results, checking targets...
[0m[38;2;000;255;255mGPU Worker 0 processing batch: nonces 225000-225999
[0m[38;2;255;255;000mGPU Worker 0 generating 1000 circuits...
[0m[38;2;255;255;000mGPU Worker 0 simulating 1000 circuits on GPU...
[0m[38;2;255;255;000mGPU Worker 0 got 1000 results, checking targets...
[0m[38;2;000;255;255mGPU Worker 0 processing batch: nonces 226000-226999
[0m[38;2;255;255;000mGPU Worker 0 generating 1000 circuits...
[0m[38;2;255;255;000mGPU Worker 0 simulating 1000 circuits on GPU...
[0m[38;2;255;255;000mGPU Worker 0 got 1000 results, checking targets...
[0m[38;2;000;255;255mGPU Worker 0 processing batch: nonces 227000-227999
[0m[38;2;255;255;000mGPU Worker 0 generating 1000 circuits...
[0m[38;2;255;255;000mGPU Worker 0 simulating 1000 circuits on GPU...
[0m[38;2;255;255;000mGPU Worker 0 got 1000 results, checking targets...
[0m[38;2;000;255;255mGPU Worker 0 processing batch: nonces 228000-228999
[0m[38;2;255;255;000mGPU Worker 0 generating 1000 circuits...
[0m[38;2;255;255;000mGPU Worker 0 simulating 1000 circuits on GPU...
[0m[38;2;255;255;000mGPU Worker 0 got 1000 results, checking targets...
[0m[38;2;000;255;255mGPU Worker 0 processing batch: nonces 229000-229999
[0m[38;2;255;255;000mGPU Worker 0 generating 1000 circuits...
[0m[38;2;255;255;000mGPU Worker 0 simulating 1000 circuits on GPU...
[0m[38;2;255;255;000mGPU Worker 0 got 1000 results, checking targets...
[0m[38;2;000;255;255mGPU Worker 0 processing batch: nonces 230000-230999
[0m[38;2;255;255;000mGPU Worker 0 generating 1000 circuits...
[0m[38;2;255;255;000mGPU Worker 0 simulating 1000 circuits on GPU...
[0m[38;2;255;255;000mGPU Worker 0 got 1000 results, checking targets...
[0m[38;2;000;255;255mGPU Worker 0 processing batch: nonces 231000-231999
[0m[38;2;255;255;000mGPU Worker 0 generating 1000 circuits...
[0m[38;2;255;255;000mGPU Worker 0 simulating 1000 circuits on GPU...
[0m[38;2;255;255;000mGPU Worker 0 got 1000 results, checking targets...
[0m[38;2;000;255;255mGPU Worker 0 hashrate: 3.00 KH/s (1000 batch)
[0m[38;2;000;255;255mGPU Worker 0 processing batch: nonces 232000-232999
[0m[38;2;255;255;000mGPU Worker 0 generating 1000 circuits...
[0m[38;2;255;255;000mGPU Worker 0 simulating 1000 circuits on GPU...
[0m[38;2;255;255;000mGPU Worker 0 got 1000 results, checking targets...
[0m[38;2;000;255;255mGPU Worker 0 processing batch: nonces 233000-233999
[0m[38;2;255;255;000mGPU Worker 0 generating 1000 circuits...
[0m[38;2;255;255;000mGPU Worker 0 simulating 1000 circuits on GPU...
[0m[38;2;255;255;000mGPU Worker 0 got 1000 results, checking targets...
[0m[38;2;000;255;255mGPU Worker 0 processing batch: nonces 234000-234999
[0m[38;2;255;255;000mGPU Worker 0 generating 1000 circuits...
[0m[38;2;255;255;000mGPU Worker 0 simulating 1000 circuits on GPU...
[0m[38;2;255;255;000mGPU Worker 0 got 1000 results, checking targets...
[0m[38;2;000;255;255mGPU Worker 0 processing batch: nonces 235000-235999
[0m[38;2;255;255;000mGPU Worker 0 generating 1000 circuits...
[0m[38;2;255;255;000mGPU Worker 0 simulating 1000 circuits on GPU...
[0m[38;2;255;255;000mGPU Worker 0 got 1000 results, checking targets...
[0m[38;2;000;255;255mGPU Worker 0 processing batch: nonces 236000-236999
[0m[38;2;255;255;000mGPU Worker 0 generating 1000 circuits...
[0m[38;2;255;255;000mGPU Worker 0 simulating 1000 circuits on GPU...
[0m[38;2;255;255;000mGPU Worker 0 got 1000 results, checking targets...
[0m[38;2;000;255;255mGPU Worker 0 processing batch: nonces 237000-237999
[0m[38;2;255;255;000mGPU Worker 0 generating 1000 circuits...
[0m[38;2;255;255;000mGPU Worker 0 simulating 1000 circuits on GPU...
[0m[38;2;255;255;000mGPU Worker 0 got 1000 results, checking targets...
[0m[38;2;000;255;255mGPU Worker 0 processing batch: nonces 238000-238999
[0m[38;2;255;255;000mGPU Worker 0 generating 1000 circuits...
[0m[38;2;255;255;000mGPU Worker 0 simulating 1000 circuits on GPU...
[0m[38;2;000;255;255m
=== Job Statistics ===
[0mJobs Received: 2
Jobs Processed: 2
Jobs Pending: 0
Jobs Dispatched: 2
Active Workers: 1
Dispatch Rate: 0.10 jobs/sec
[38;2;255;255;000m
=== Mining Statistics ===
[0mCurrent Difficulty: 1
Hashrate: 3.00 KH/s
Total Hashes: 238000
Active Workers: 1
Estimated Time to Share: 16.6 days
Shares Accepted: 0 [38;2;000;128;000m✓
[0mShares Rejected: 0 ✗
[38;2;000;255;255m========================

[0m[38;2;255;255;000mGPU Worker 0 got 1000 results, checking targets...
[0m[38;2;000;255;255mGPU Worker 0 processing batch: nonces 239000-239999
[0m[38;2;255;255;000mGPU Worker 0 generating 1000 circuits...
[0m[38;2;255;255;000mGPU Worker 0 simulating 1000 circuits on GPU...
[0m[38;2;255;255;000mGPU Worker 0 got 1000 results, checking targets...
[0m[38;2;000;255;255mGPU Worker 0 processing batch: nonces 240000-240999
[0m[38;2;255;255;000mGPU Worker 0 generating 1000 circuits...
[0m[38;2;255;255;000mGPU Worker 0 simulating 1000 circuits on GPU...
[0m[38;2;255;255;000mGPU Worker 0 got 1000 results, checking targets...
[0m[38;2;000;255;255mGPU Worker 0 processing batch: nonces 241000-241999
[0m[38;2;255;255;000mGPU Worker 0 generating 1000 circuits...
[0m[38;2;255;255;000mGPU Worker 0 simulating 1000 circuits on GPU...
[0m[38;2;255;255;000mGPU Worker 0 got 1000 results, checking targets...
[0m[38;2;000;255;255mGPU Worker 0 processing batch: nonces 242000-242999
[0m[38;2;255;255;000mGPU Worker 0 generating 1000 circuits...
[0m[38;2;255;255;000mGPU Worker 0 simulating 1000 circuits on GPU...
[0m[38;2;255;255;000mGPU Worker 0 got 1000 results, checking targets...
[0m[38;2;000;255;255mGPU Worker 0 processing batch: nonces 243000-243999
[0m[38;2;255;255;000mGPU Worker 0 generating 1000 circuits...
[0m[38;2;255;255;000mGPU Worker 0 simulating 1000 circuits on GPU...
[0m[38;2;255;255;000mGPU Worker 0 got 1000 results, checking targets...
[0m[38;2;000;255;255mGPU Worker 0 processing batch: nonces 244000-244999
[0m[38;2;255;255;000mGPU Worker 0 generating 1000 circuits...
[0m[38;2;255;255;000mGPU Worker 0 simulating 1000 circuits on GPU...
[0m[38;2;255;255;000mGPU Worker 0 got 1000 results, checking targets...
[0m[38;2;000;255;255mGPU Worker 0 processing batch: nonces 245000-245999
[0m[38;2;255;255;000mGPU Worker 0 generating 1000 circuits...
[0m[38;2;255;255;000mGPU Worker 0 simulating 1000 circuits on GPU...
[0m[38;2;255;255;000mGPU Worker 0 got 1000 results, checking targets...
[0m[38;2;000;255;255mGPU Worker 0 processing batch: nonces 246000-246999
[0m[38;2;255;255;000mGPU Worker 0 generating 1000 circuits...
[0m[38;2;255;255;000mGPU Worker 0 simulating 1000 circuits on GPU...
[0m[38;2;255;255;000mGPU Worker 0 got 1000 results, checking targets...
[0m[38;2;000;255;255mGPU Worker 0 processing batch: nonces 247000-247999
[0m[38;2;255;255;000mGPU Worker 0 generating 1000 circuits...
[0m[38;2;255;255;000mGPU Worker 0 simulating 1000 circuits on GPU...
[0m[38;2;255;255;000mGPU Worker 0 got 1000 results, checking targets...
[0m[38;2;000;255;255mGPU Worker 0 hashrate: 3.20 KH/s (1000 batch)
[0m[38;2;000;255;255mGPU Worker 0 processing batch: nonces 248000-248999
[0m[38;2;255;255;000mGPU Worker 0 generating 1000 circuits...
[0m[38;2;255;255;000mGPU Worker 0 simulating 1000 circuits on GPU...
[0m[38;2;255;255;000mGPU Worker 0 got 1000 results, checking targets...
[0m[38;2;000;255;255mGPU Worker 0 processing batch: nonces 249000-249999
[0m[38;2;255;255;000mGPU Worker 0 generating 1000 circuits...
[0m[38;2;255;255;000mGPU Worker 0 simulating 1000 circuits on GPU...
[0m[38;2;255;255;000mGPU Worker 0 got 1000 results, checking targets...
[0m[38;2;000;255;255mGPU Worker 0 processing batch: nonces 250000-250999
[0m[38;2;255;255;000mGPU Worker 0 generating 1000 circuits...
[0m[38;2;255;255;000mGPU Worker 0 simulating 1000 circuits on GPU...
[0m[38;2;255;255;000mGPU Worker 0 got 1000 results, checking targets...
[0m[38;2;000;255;255mGPU Worker 0 processing batch: nonces 251000-251999
[0m[38;2;255;255;000mGPU Worker 0 generating 1000 circuits...
[0m[38;2;255;255;000mGPU Worker 0 simulating 1000 circuits on GPU...
[0m[38;2;255;255;000mGPU Worker 0 got 1000 results, checking targets...
[0m[38;2;000;255;255mGPU Worker 0 processing batch: nonces 252000-252999
[0m[38;2;255;255;000mGPU Worker 0 generating 1000 circuits...
[0m[38;2;255;255;000mGPU Worker 0 simulating 1000 circuits on GPU...
[0m[38;2;255;255;000mGPU Worker 0 got 1000 results, checking targets...
[0m[38;2;000;255;255mGPU Worker 0 processing batch: nonces 253000-253999
[0m[38;2;255;255;000mGPU Worker 0 generating 1000 circuits...
[0m[38;2;255;255;000mGPU Worker 0 simulating 1000 circuits on GPU...
[0m[38;2;255;255;000mGPU Worker 0 got 1000 results, checking targets...
[0m[38;2;000;255;255mGPU Worker 0 processing batch: nonces 254000-254999
[0m[38;2;255;255;000mGPU Worker 0 generating 1000 circuits...
[0m[38;2;255;255;000mGPU Worker 0 simulating 1000 circuits on GPU...
[0m[38;2;255;255;000mGPU Worker 0 got 1000 results, checking targets...
[0m[38;2;000;255;255mGPU Worker 0 processing batch: nonces 255000-255999
[0m[38;2;255;255;000mGPU Worker 0 generating 1000 circuits...
[0m[38;2;255;255;000mGPU Worker 0 simulating 1000 circuits on GPU...
[0m[38;2;255;255;000mGPU Worker 0 got 1000 results, checking targets...
[0m[38;2;000;255;255mGPU Worker 0 processing batch: nonces 256000-256999
[0m[38;2;255;255;000mGPU Worker 0 generating 1000 circuits...
[0m[38;2;255;255;000mGPU Worker 0 simulating 1000 circuits on GPU...
[0m[38;2;255;255;000mGPU Worker 0 got 1000 results, checking targets...
[0m[38;2;000;255;255mGPU Worker 0 processing batch: nonces 257000-257999
[0m[38;2;255;255;000mGPU Worker 0 generating 1000 circuits...
[0m[38;2;255;255;000mGPU Worker 0 simulating 1000 circuits on GPU...
[0m[38;2;255;255;000mGPU Worker 0 got 1000 results, checking targets...
[0m[38;2;000;255;255mGPU Worker 0 processing batch: nonces 258000-258999
[0m[38;2;255;255;000mGPU Worker 0 generating 1000 circuits...
[0m[38;2;255;255;000mGPU Worker 0 simulating 1000 circuits on GPU...
[0m[38;2;255;255;000mGPU Worker 0 got 1000 results, checking targets...
[0m[38;2;000;255;255mGPU Worker 0 processing batch: nonces 259000-259999
[0m[38;2;255;255;000mGPU Worker 0 generating 1000 circuits...
[0m[38;2;255;255;000mGPU Worker 0 simulating 1000 circuits on GPU...
[0m[38;2;255;255;000mGPU Worker 0 got 1000 results, checking targets...
[0m[38;2;000;255;255mGPU Worker 0 processing batch: nonces 260000-260999
[0m[38;2;255;255;000mGPU Worker 0 generating 1000 circuits...
[0m[38;2;255;255;000mGPU Worker 0 simulating 1000 circuits on GPU...
[0m[38;2;255;255;000mGPU Worker 0 got 1000 results, checking targets...
[0m[38;2;000;255;255mGPU Worker 0 processing batch: nonces 261000-261999
[0m[38;2;255;255;000mGPU Worker 0 generating 1000 circuits...
[0m[38;2;255;255;000mGPU Worker 0 simulating 1000 circuits on GPU...
[0m[38;2;255;255;000mGPU Worker 0 got 1000 results, checking targets...
[0m[38;2;000;255;255mGPU Worker 0 processing batch: nonces 262000-262999
[0m[38;2;255;255;000mGPU Worker 0 generating 1000 circuits...
[0m[38;2;255;255;000mGPU Worker 0 simulating 1000 circuits on GPU...
[0m[38;2;255;255;000mGPU Worker 0 got 1000 results, checking targets...
[0m[38;2;000;255;255mGPU Worker 0 processing batch: nonces 263000-263999
[0m[38;2;255;255;000mGPU Worker 0 generating 1000 circuits...
[0m[38;2;255;255;000mGPU Worker 0 simulating 1000 circuits on GPU...
[0m[38;2;255;255;000mGPU Worker 0 got 1000 results, checking targets...
[0m[38;2;000;255;255mGPU Worker 0 hashrate: 3.20 KH/s (1000 batch)
[0m[38;2;000;255;255mGPU Worker 0 processing batch: nonces 264000-264999
[0m[38;2;255;255;000mGPU Worker 0 generating 1000 circuits...
[0m[38;2;255;255;000mGPU Worker 0 simulating 1000 circuits on GPU...
[0m[38;2;255;255;000mGPU Worker 0 got 1000 results, checking targets...
[0m[38;2;000;255;255mGPU Worker 0 processing batch: nonces 265000-265999
[0m[38;2;255;255;000mGPU Worker 0 generating 1000 circuits...
[0m[38;2;255;255;000mGPU Worker 0 simulating 1000 circuits on GPU...
[0m[38;2;255;255;000mGPU Worker 0 got 1000 results, checking targets...
[0m[38;2;000;255;255mGPU Worker 0 processing batch: nonces 266000-266999
[0m[38;2;255;255;000mGPU Worker 0 generating 1000 circuits...
[0m[38;2;255;255;000mGPU Worker 0 simulating 1000 circuits on GPU...
[0m[38;2;255;255;000mGPU Worker 0 got 1000 results, checking targets...
[0m[38;2;000;255;255mGPU Worker 0 processing batch: nonces 267000-267999
[0m[38;2;255;255;000mGPU Worker 0 generating 1000 circuits...
[0m[38;2;255;255;000mGPU Worker 0 simulating 1000 circuits on GPU...
[0m[38;2;255;255;000mGPU Worker 0 got 1000 results, checking targets...
[0m[38;2;000;255;255mGPU Worker 0 processing batch: nonces 268000-268999
[0m[38;2;255;255;000mGPU Worker 0 generating 1000 circuits...
[0m[38;2;255;255;000mGPU Worker 0 simulating 1000 circuits on GPU...
[0m[38;2;000;255;255m
=== Job Statistics ===
[0mJobs Received: 2
Jobs Processed: 2
Jobs Pending: 0
Jobs Dispatched: 2
Active Workers: 1
Dispatch Rate: 0.10 jobs/sec
[38;2;255;255;000m
=== Mining Statistics ===
[0mCurrent Difficulty: 1
Hashrate: 3.20 KH/s
Total Hashes: 268000
Active Workers: 1
Estimated Time to Share: 15.5 days
Shares Accepted: 0 [38;2;000;128;000m✓
[0mShares Rejected: 0 ✗
[38;2;000;255;255m========================

