[01:44:15] Initializing GPUs...
[01:44:15] Using static difficulty: 60K (formatted as: bc1qacadts4usj2tjljwdemfu44a2tq47hch33fc6f=60K.R3G)
[01:44:15] Job monitor started (stats interval: 10s)
[01:44:15] Jobs rcvd: 0, processed: 0, pending: 0, workers: 0
-------------------------------------[Statistics]-------------------------------------
 ID Name                             Hashrate  Temp   Fan   Pwr   Eff CClk  MClk     A    R    I
--------------------------------------------------------------------------------------
 #0 NVIDIA GeForce GTX 1660 SUPE     0.00 H/s   50C    0%   13W     - 1530  7000     0    0    0
--------------------------------------------------------------------------------------
 10s:                     0.00 H/s Power: 13W      Accepted:            0
 60s:                     n/a MH/s                 Rejected:            0
 15m:                     n/a MH/s                  Ignored:            0
[01:44:15] GPU #0: NVIDIA GeForce GTX 1660 SUPER [busID: 8] [arch: sm75] [driver: 13]
[Batch] Auto-tuned batch size from 8192 to 5613 based on free VRAM (2.74 GB free)
[cuQuantum] Initialized NVIDIA GeForce GTX 1660 SUPER with 16 qubits, batch size 5613
[cuQuantum] Using NVIDIA custatevec for quantum simulation
[Batch] Memory: 2.74 GB (512.00 KB per state × 5613 states)
[01:44:15] GPU #0: Triple-buffering pipeline initialized (8192 nonces/batch, 16 qubits)
Added worker, total workers: 1
[01:44:15] threads: 1, intensity: 26, cu: 22, mem: 5613Mb
Job dispatcher started
[01:44:15] use pool qubitcoin.luckypool.io:8610 217.182.193.158
Sending request id=1 method=mining.subscribe
Sending request id=2 method=mining.authorize
[01:44:16] Stratum set raw difficulty to 1.0000
[01:44:16] Expected time per share @ 3KH/s: 16.6 days
[01:44:16] WARNING: Difficulty may be too high for this hashrate!
Difficulty updated to: 1
[01:44:16] new job from qubitcoin.luckypool.io:8610 diff 1.00/1.17M
[01:44:16] block: 62013
[01:44:16] job target: 0x00000000ffff0000
Added job to queue: 3eaf (queue size: 1)
Processing job: 3eaf (remaining in queue: 0)
Dispatched job 3eaf to 1 workers in parallel
[01:44:16] Worker 0 error: out of memory
[01:44:16] Start mining
[01:44:25] Jobs rcvd: 1, processed: 1, pending: 0, workers: 1
-------------------------------------[Statistics]-------------------------------------
 ID Name                             Hashrate  Temp   Fan   Pwr   Eff CClk  MClk     A    R    I
--------------------------------------------------------------------------------------
 #0 NVIDIA GeForce GTX 1660 SUPE     0.00 H/s   52C   44%   36W     - 1530  6801     0    0    0
--------------------------------------------------------------------------------------
 10s:                     0.00 H/s Power: 36W      Accepted:            0
 60s:                     n/a MH/s                 Rejected:            0
 15m:                     n/a MH/s                  Ignored:            0
[01:44:35] Jobs rcvd: 1, processed: 1, pending: 0, workers: 1
-------------------------------------[Statistics]-------------------------------------
 ID Name                             Hashrate  Temp   Fan   Pwr   Eff CClk  MClk     A    R    I
--------------------------------------------------------------------------------------
 #0 NVIDIA GeForce GTX 1660 SUPE     0.00 H/s   51C   50%   14W     -  300   405     0    0    0
--------------------------------------------------------------------------------------
 10s:                     0.00 H/s Power: 14W      Accepted:            0
 60s:                     n/a MH/s                 Rejected:            0
 15m:                     n/a MH/s                  Ignored:            0
[01:44:45] Jobs rcvd: 1, processed: 1, pending: 0, workers: 1
-------------------------------------[Statistics]-------------------------------------
 ID Name                             Hashrate  Temp   Fan   Pwr   Eff CClk  MClk     A    R    I
--------------------------------------------------------------------------------------
 #0 NVIDIA GeForce GTX 1660 SUPE     0.00 H/s   50C   49%   14W     -  300   405     0    0    0
--------------------------------------------------------------------------------------
 10s:                     0.00 H/s Power: 14W      Accepted:            0
 60s:                     n/a MH/s                 Rejected:            0
 15m:                     n/a MH/s                  Ignored:            0
[01:44:55] Jobs rcvd: 1, processed: 1, pending: 0, workers: 1
-------------------------------------[Statistics]-------------------------------------
 ID Name                             Hashrate  Temp   Fan   Pwr   Eff CClk  MClk     A    R    I
--------------------------------------------------------------------------------------
 #0 NVIDIA GeForce GTX 1660 SUPE     0.00 H/s   49C   49%   14W     -  300   405     0    0    0
--------------------------------------------------------------------------------------
 10s:                     0.00 H/s Power: 14W      Accepted:            0
 60s:                     n/a MH/s                 Rejected:            0
 15m:                     n/a MH/s                  Ignored:            0
[01:45:05] Jobs rcvd: 1, processed: 1, pending: 0, workers: 1
-------------------------------------[Statistics]-------------------------------------
 ID Name                             Hashrate  Temp   Fan   Pwr   Eff CClk  MClk     A    R    I
--------------------------------------------------------------------------------------
 #0 NVIDIA GeForce GTX 1660 SUPE     0.00 H/s   48C   49%   14W     -  300   405     0    0    0
--------------------------------------------------------------------------------------
 10s:                     0.00 H/s Power: 14W      Accepted:            0
 60s:                     n/a MH/s                 Rejected:            0
 15m:                     n/a MH/s                  Ignored:            0
[01:45:15] Jobs rcvd: 1, processed: 1, pending: 0, workers: 1
-------------------------------------[Statistics]-------------------------------------
 ID Name                             Hashrate  Temp   Fan   Pwr   Eff CClk  MClk     A    R    I
--------------------------------------------------------------------------------------
 #0 NVIDIA GeForce GTX 1660 SUPE     0.00 H/s   48C   49%   14W     -  300   405     0    0    0
--------------------------------------------------------------------------------------
 10s:                     0.00 H/s Power: 14W      Accepted:            0
 60s:                     n/a MH/s                 Rejected:            0
 15m:                     n/a MH/s                  Ignored:            0
[01:45:25] Jobs rcvd: 1, processed: 1, pending: 0, workers: 1
-------------------------------------[Statistics]-------------------------------------
 ID Name                             Hashrate  Temp   Fan   Pwr   Eff CClk  MClk     A    R    I
--------------------------------------------------------------------------------------
 #0 NVIDIA GeForce GTX 1660 SUPE     0.00 H/s   47C   49%   14W     -  300   405     0    0    0
--------------------------------------------------------------------------------------
 10s:                     0.00 H/s Power: 14W      Accepted:            0
 60s:                     n/a MH/s                 Rejected:            0
 15m:                     n/a MH/s                  Ignored:            0
[01:45:32] new job from qubitcoin.luckypool.io:8610 diff 1.00/1.17M
[01:45:32] block: 62014
[01:45:32] job target: 0x00000000ffff0000
Cleared job queue due to clean_jobs flag
Added job to queue: 3eb0 (queue size: 1)
Processing job: 3eb0 (remaining in queue: 0)
Dispatched job 3eb0 to 1 workers in parallel
[01:45:32] Worker 0 error: out of memory
[01:45:35] Jobs rcvd: 2, processed: 2, pending: 0, workers: 1
-------------------------------------[Statistics]-------------------------------------
 ID Name                             Hashrate  Temp   Fan   Pwr   Eff CClk  MClk     A    R    I
--------------------------------------------------------------------------------------
 #0 NVIDIA GeForce GTX 1660 SUPE     0.00 H/s   47C   49%   14W     -  300   405     0    0    0
------------------------------------------------------------