[01:40:37] Initializing GPUs...
[01:40:37] Using static difficulty: 60K (formatted as: bc1qacadts4usj2tjljwdemfu44a2tq47hch33fc6f=60K.R3G)
[01:40:37] Job monitor started (stats interval: 10s)
[01:40:37] Jobs rcvd: 0, processed: 0, pending: 0, workers: 0
-------------------------------------[Statistics]-------------------------------------
 ID Name                             Hashrate  Temp   Fan   Pwr   Eff CClk  MClk     A    R    I
--------------------------------------------------------------------------------------
 #0 NVIDIA GeForce GTX 1660 SUPE     0.00 H/s   48C    0%   13W     - 1530  7000     0    0    0
--------------------------------------------------------------------------------------
 10s:                     0.00 H/s Power: 13W      Accepted:            0
 60s:                     n/a MH/s                 Rejected:            0
 15m:                     n/a MH/s                  Ignored:            0
[01:40:37] GPU #0: NVIDIA GeForce GTX 1660 SUPER [busID: 8] [arch: sm75] [driver: 13]
[cuQuantum] Initialized NVIDIA GeForce GTX 1660 SUPER with 16 qubits, batch size 8192
[cuQuantum] Using NVIDIA custatevec for quantum simulation
[Batch] Memory: 4.00 GB (512.00 KB per state × 8192 states)
[01:40:37] GPU #0: Triple-buffering pipeline initialized (8192 nonces/batch, 16 qubits)
Added worker, total workers: 1
[01:40:37] threads: 1, intensity: 26, cu: 22, mem: 5613Mb
Job dispatcher started
[01:40:37] use pool qubitcoin.luckypool.io:8610 217.182.193.158
Sending request id=1 method=mining.subscribe
Sending request id=2 method=mining.authorize
[01:40:37] Stratum set raw difficulty to 1.0000
[01:40:37] Expected time per share @ 3KH/s: 16.6 days
[01:40:37] WARNING: Difficulty may be too high for this hashrate!
Difficulty updated to: 1
[01:40:37] new job from qubitcoin.luckypool.io:8610 diff 1.00/1.17M
[01:40:37] block: 62013
[01:40:37] job target: 0x00000000ffff0000
Added job to queue: 3ead (queue size: 1)
Processing job: 3ead (remaining in queue: 0)
Dispatched job 3ead to 1 workers in parallel
[01:40:38] Worker 0 error: out of memory
[01:40:38] Start mining
[01:40:47] Jobs rcvd: 1, processed: 1, pending: 0, workers: 1
-------------------------------------[Statistics]-------------------------------------
 ID Name                             Hashrate  Temp   Fan   Pwr   Eff CClk  MClk     A    R    I
--------------------------------------------------------------------------------------
 #0 NVIDIA GeForce GTX 1660 SUPE     0.00 H/s   50C    0%   36W     - 1530  6801     0    0    0
--------------------------------------------------------------------------------------
 10s:                     0.00 H/s Power: 36W      Accepted:            0
 60s:                     n/a MH/s                 Rejected:            0
 15m:                     n/a MH/s                  Ignored:            0
[01:40:57] Jobs rcvd: 1, processed: 1, pending: 0, workers: 1
-------------------------------------[Statistics]-------------------------------------
 ID Name                             Hashrate  Temp   Fan   Pwr   Eff CClk  MClk     A    R    I
--------------------------------------------------------------------------------------
 #0 NVIDIA GeForce GTX 1660 SUPE     0.00 H/s   50C    0%   14W     -  300   405     0    0    0
--------------------------------------------------------------------------------------
 10s:                     0.00 H/s Power: 14W      Accepted:            0
 60s:                     n/a MH/s                 Rejected:            0
 15m:                     n/a MH/s                  Ignored:            0
[01:41:07] Jobs rcvd: 1, processed: 1, pending: 0, workers: 1
-------------------------------------[Statistics]-------------------------------------
 ID Name                             Hashrate  Temp   Fan   Pwr   Eff CClk  MClk     A    R    I
--------------------------------------------------------------------------------------
 #0 NVIDIA GeForce GTX 1660 SUPE     0.00 H/s   50C    0%   14W     -  300   405     0    0    0
--------------------------------------------------------------------------------------
 10s:                     0.00 H/s Power: 14W      Accepted:            0
 60s:                     n/a MH/s                 Rejected:            0
 15m:                     n/a MH/s                  Ignored:            0
[01:41:17] Jobs rcvd: 1, processed: 1, pending: 0, workers: 1
-------------------------------------[Statistics]-------------------------------------
 ID Name                             Hashrate  Temp   Fan   Pwr   Eff CClk  MClk     A    R    I
--------------------------------------------------------------------------------------
 #0 NVIDIA GeForce GTX 1660 SUPE     0.00 H/s   50C    0%   14W     -  300   405     0    0    0
--------------------------------------------------------------------------------------
 10s:                     0.00 H/s Power: 14W      Accepted:            0
 60s:                     n/a MH/s                 Rejected:            0
 15m:                     n/a MH/s                  Ignored:            0
[01:41:27] Jobs rcvd: 1, processed: 1, pending: 0, workers: 1
-------------------------------------[Statistics]-------------------------------------
 ID Name                             Hashrate  Temp   Fan   Pwr   Eff CClk  MClk     A    R    I
--------------------------------------------------------------------------------------
 #0 NVIDIA GeForce GTX 1660 SUPE     0.00 H/s   50C    0%   14W     -  300   405     0    0    0
--------------------------------------------------------------------------------------
 10s:                     0.00 H/s Power: 14W      Accepted:            0
 60s:                     n/a MH/s                 Rejected:            0
 15m:                     n/a MH/s                  Ignored:            0
[01:41:37] Jobs rcvd: 1, processed: 1, pending: 0, workers: 1
-------------------------------------[Statistics]-------------------------------------
 ID Name                             Hashrate  Temp   Fan   Pwr   Eff CClk  MClk     A    R    I
--------------------------------------------------------------------------------------
 #0 NVIDIA GeForce GTX 1660 SUPE     0.00 H/s   51C    0%   14W     -  300   405     0    0    0
--------------------------------------------------------------------------------------
 10s:                     0.00 H/s Power: 14W      Accepted:            0
 60s:                     n/a MH/s                 Rejected:            0
 15m:                     n/a MH/s                  Ignored:            0
[01:41:45] new job from qubitcoin.luckypool.io:8610 diff 1.00/1.17M
[01:41:45] block: 62013
[01:41:45] job target: 0x00000000ffff0000
Added job to queue: 3eae (queue size: 1)
Processing job: 3eae (remaining in queue: 0)
Dispatched job 3eae to 1 workers in parallel
[01:41:45] Worker 0 error: out of memory
[01:41:47] Jobs rcvd: 2, processed: 2, pending: 0, workers: 1
-------------------------------------[Statistics]-------------------------------------
 ID Name                             Hashrate  Temp   Fan   Pwr   Eff CClk  MClk     A    R    I
--------------------------------------------------------------------------------------
 #0 NVIDIA GeForce GTX 1660 SUPE     0.00 H/s   51C    0%   13W     -  300   405     0    0    0
--------------------------------------------------------------------------------------
 10s:                     0.00 H/s Power: 13W      Accepted:            0
 60s:                     n/a MH/s                 Rejected:            0
 15m:                     n/a MH/s                  Ignored:            0
[01:41:57] Jobs rcvd: 2, processed: 2, pending: 0, workers: 1
-------------------------------------[Statistics]-------------------------------------
 ID Name                             Hashrate  Temp   Fan   Pwr   Eff CClk  MClk     A    R    I
--------------------------------------------------------------------------------------
 #0 NVIDIA GeForce GTX 1660 SUPE     0.00 H/s   51C   44%   14W     -  300   405     0    0    0
--------------------------------------------------------------------------------------
 10s:                     0.00 H/s Power: 14W      Accepted:            0
 60s:                     n/a MH/s                 Rejected:            0
 15m:                     n/a MH/s                  Ignored:            0
[01:42:07] Jobs rcvd: 2, processed: 2, pending: 0, workers: 1
-------------------------------------[Statistics]-------------------------------------
 ID Name                             Hashrate  Temp   Fan   Pwr   Eff CClk  MClk     A    R    I
--------------------------------------------------------------------------------------
 #0 NVIDIA GeForce GTX 1660 SUPE     0.00 H/s   50C   48%   14W     -  300   405     0    0    0
--------------------------------------------------------------------------------------
 10s:                     0.00 H/s Power: 14W      Accepted:            0
 60s:                     n/a MH/s                 Rejected:            0
 15m:                     n/a MH/s                  Ignored:            0
[01:42:17] Jobs rcvd: 2, processed: 2, pending: 0, workers: 1
-------------------------------------[Statistics]-------------------------------------
 ID Name                             Hashrate  Temp   Fan   Pwr   Eff CClk  MClk     A    R    I
--------------------------------------------------------------------------------------
 #0 NVIDIA GeForce GTX 1660 SUPE     0.00 H/s   49C   49%   14W     -  300   405     0    0    0
--------------------------------------------------------------------------------------
 10s:                     0.00 H/s Power: 14W      Accepted:            0
 60s:                     n/a MH/s                 Rejected:            0
 15m:                     n/a MH/s                  Ignored:            0
[01:42:27] Jobs rcvd: 2, processed: 2, pending: 0, workers: 1
-------------------------------------[Statistics]-------------------------------------
 ID Name                             Hashrate  Temp   Fan   Pwr   Eff CClk  MClk     A    R    I
--------------------------------------------------------------------------------------
 #0 NVIDIA GeForce GTX 1660 SUPE     0.00 H/s   49C   48%   14W     -  300   405     0    0    0
--------------------------------------------------------------------------------------
 10s:                     0.00 H/s Power: 14W      Accepted:            0
 60s:                     n/a MH/s                 Rejected:            0
 15m:                     n/a MH/s                  Ignored:            0
[01:42:37] Jobs rcvd: 2, processed: 2, pending: 0, workers: 1
-------------------------------------[Statistics]-------------------------------------
 ID Name                             Hashrate  Temp   Fan   Pwr   Eff CClk  MClk     A    R    I
--------------------------------------------------------------------------------------
 #0 NVIDIA GeForce GTX 1660 SUPE     0.00 H/s   48C    0%   14W     -  300   405     0    0    0
--------------------------------------------------------------------------------------
 10s:                     0.00 H/s Power: 14W      Accepted:            0
 60s:                     n/a MH/s                 Rejected:            0
 15m:                     n/a MH/s                  Ignored:            0
[01:42:47] Jobs rcvd: 2, processed: 2, pending: 0, workers: 1
-------------------------------------[Statistics]-------------------------------------
 ID Name                             Hashrate  Temp   Fan   Pwr   Eff CClk  MClk     A    R    I
--------------------------------------------------------------------------------------
 #0 NVIDIA GeForce GTX 1660 SUPE     0.00 H/s   48C    0%   13W     -  300   405     0    0    0
--------------------------------------------------------------------------------------
 10s:                     0.00 H/s Power: 13W      Accepted:            0
 60s:                     n/a MH/s                 Rejected:            0
 15m:                     n/a MH/s                  Ignored:            0
[01:42:57] Jobs rcvd: 2, processed: 2, pending: 0, workers: 1
-------------------------------------[Statistics]-------------------------------------
 ID Name                             Hashrate  Temp   Fan   Pwr   Eff CClk  MClk     A    R    I
-----------------------------