[01:38:08] Initializing GPUs...
[01:38:08] Job monitor started (stats interval: 10s)
[01:38:08] Jobs rcvd: 0, processed: 0, pending: 0, workers: 0
-------------------------------------[Statistics]-------------------------------------
 ID Name                             Hashrate  Temp   Fan   Pwr   Eff CClk  MClk     A    R    I
--------------------------------------------------------------------------------------
 #0 NVIDIA GeForce GTX 1660 SUPE     0.00 H/s     -     -     -     -    -     -     -    -    -
--------------------------------------------------------------------------------------
 10s:                     0.00 H/s     Power:      Accepted:            0
 60s:                     n/a MH/s                 Rejected:            0
 15m:                     n/a MH/s                  Ignored:            0
[01:38:08] GPU #0: NVIDIA GeForce GTX 1660 SUPER [busID: 8] [arch: sm75] [driver: 13]
[CUDA Batch] Initialized NVIDIA GeForce GTX 1660 SUPER with 16 qubits, batch size 1000
[CUDA Batch] Memory: 500.00 MB (512.00 KB per state × 1000 states)
Added worker, total workers: 1
[01:38:08] threads: 1, intensity: 23, cu: 22, mem: 5551Mb
Job dispatcher started
[01:38:08] use pool qubitcoin.luckypool.io:8610 217.182.193.158
Sending request id=1 method=mining.subscribe
Sending request id=2 method=mining.authorize
[01:38:08] Stratum set raw difficulty to 1.0000
Difficulty updated to: 1
[01:38:08] new job from qubitcoin.luckypool.io:8610 diff 1.00/1.17M
[01:38:08] job target: 0x00000000ffff0000
Cleared job queue due to clean_jobs flag
Added job to queue: 3b90 (queue size: 1)
Processing job: 3b90 (remaining in queue: 0)
Dispatched job 3b90 to 1 workers in parallel
[01:38:09] Start mining
[01:38:18] Jobs rcvd: 1, processed: 1, pending: 0, workers: 1
-------------------------------------[Statistics]-------------------------------------
 ID Name                             Hashrate  Temp   Fan   Pwr   Eff CClk  MClk     A    R    I
--------------------------------------------------------------------------------------
 #0 NVIDIA GeForce GTX 1660 SUPE    2.80 KH/s     -     -     -     -    -     -     -    -    -
--------------------------------------------------------------------------------------
 10s:                    2.80 KH/s     Power:      Accepted:            0
 60s:                     n/a MH/s                 Rejected:            0
 15m:                     n/a MH/s                  Ignored:            0
[01:38:28] Jobs rcvd: 1, processed: 1, pending: 0, workers: 1
-------------------------------------[Statistics]-------------------------------------
 ID Name                             Hashrate  Temp   Fan   Pwr   Eff CClk  MClk     A    R    I
--------------------------------------------------------------------------------------
 #0 NVIDIA GeForce GTX 1660 SUPE    3.00 KH/s     -     -     -     -    -     -     -    -    -
--------------------------------------------------------------------------------------
 10s:                    3.00 KH/s     Power:      Accepted:            0
 60s:                     n/a MH/s                 Rejected:            0
 15m:                     n/a MH/s                  Ignored:            0
[01:38:35] new job from qubitcoin.luckypool.io:8610 diff 1.00/1.17M
[01:38:35] job target: 0x00000000ffff0000
Added job to queue: 3b91 (queue size: 1)
Processing job: 3b91 (remaining in queue: 0)
[01:38:35] Worker 0 already processing work, ignoring new job
Dispatched job 3b91 to 1 workers in parallel
[01:38:38] Jobs rcvd: 2, processed: 2, pending: 0, workers: 1
-------------------------------------[Statistics]-------------------------------------
 ID Name                             Hashrate  Temp   Fan   Pwr   Eff CClk  MClk     A    R    I
--------------------------------------------------------------------------------------
 #0 NVIDIA GeForce GTX 1660 SUPE    3.20 KH/s     -     -     -     -    -     -     -    -    -
--------------------------------------------------------------------------------------
 10s:                    3.20 KH/s     Power:      Accepted:            0
 60s:                     n/a MH/s                 Rejected:            0
 15m:                     n/a MH/s                  Ignored:            0
[01:38:48] Jobs rcvd: 2, processed: 2, pending: 0, workers: 1
-------------------------------------[Statistics]-------------------------------------
 ID Name                             Hashrate  Temp   Fan   Pwr   Eff CClk  MClk     A    R    I
--------------------------------------------------------------------------------------
 #0 NVIDIA GeForce GTX 1660 SUPE    3.20 KH/s     -     -     -     -    -     -     -    -    -
--------------------------------------------------------------------------------------
 10s:                    3.20 KH/s     Power:      Accepted:            0
 60s:                     n/a MH/s                 Rejected:            0
 15m:                     n/a MH/s                  Ignored:            0
[01:38:58] Jobs rcvd: 2, processed: 2, pending: 0, workers: 1
-------------------------------------[Statistics]-------------------------------------
 ID Name                             Hashrate  Temp   Fan   Pwr   Eff CClk  MClk     A    R    I
--------------------------------------------------------------------------------------
 #0 NVIDIA GeForce GTX 1660 SUPE    3.00 KH/s     -     -     -     -    -     -     -    -    -
--------------------------------------------------------------------------------------
 10s:                    3.00 KH/s     Power:      Accepted:            0
 60s:                     n/a MH/s                 Rejected:            0
 15m:                     n/a MH/s                  Ignored:            0
[01:39:08] Jobs rcvd: 2, processed: 2, pending: 0, workers: 1
-------------------------------------[Statistics]-------------------------------------
 ID Name                             Hashrate  Temp   Fan   Pwr   Eff CClk  MClk     A    R    I
--------------------------------------------------------------------------------------
 #0 NVIDIA GeForce GTX 1660 SUPE    3.00 KH/s     -     -     -     -    -     -     -    -    -
--------------------------------------------------------------------------------------
 10s:                    3.00 KH/s     Power:      Accepted:            0
 60s:                     n/a MH/s                 Rejected:            0
 15m:                     n/a MH/s                  Ignored:            0
[01:39:18] Jobs rcvd: 2, processed: 2, pending: 0, workers: 1
-------------------------------------[Statistics]-------------------------------------
 ID Name                             Hashrate  Temp   Fan   Pwr   Eff CClk  MClk     A    R    I
--------------------------------------------------------------------------------------
 #0 NVIDIA GeForce GTX 1660 SUPE    3.20 KH/s     -     -     -     -    -     -     -    -    -
--------------------------------------------------------------------------------------
 10s:                    3.20 KH/s     Power:      Accepted:            0
 60s:                     n/a MH/s                 Rejected:            0
 15m:                     n/a MH/s                  Ignored:            0
[01:39:28] Jobs rcvd: 2, processed: 2, pending: 0, workers: 1
-------------------------------------[Statistics]-------------------------------------
 ID Name                             Hashrate  Temp   Fan   Pwr   Eff CClk  MClk     A    R    I
--------------------------------------------------------------------------------------
 #0 NVIDIA GeForce GTX 1660 SUPE    3.20 KH/s     -     -     -     -    -     -     -    -    -
--------------------------------------------------------------------------------------
 10s:                    3.20 KH/s     Power:      Accepted:            0
 60s:                     n/a MH/s                 Rejected:            0
 15m:                     n/a MH/s                  Ignored:            0
[01:39:38] Jobs rcvd: 2, processed: 2, pending: 0, workers: 1
-------------------------------------[Statistics]-------------------------------------
 ID Name                             Hashrate  Temp   Fan   Pwr   Eff CClk  MClk     A    R    I
--------------------------------------------------------------------------------------
 #0 NVIDIA GeForce GTX 1660 SUPE    3.20 KH/s     -     -     -     -    -     -     -    -    -
--------------------------------------------------------------------------------------
 10s:                    3.20 KH/s     Power:      Accepted:            0
 60s:                     n/a MH/s                 Rejected:            0
 15m:                     n/a MH/s                  Ignored:            0
[01:39:48] Jobs rcvd: 2, processed: 2, pending: 0, workers: 1
-------------------------------------[Statistics]-------------------------------------
 ID Name                             Hashrate  Temp   Fan   Pwr   Eff CClk  MClk     A    R    I
--------------------------------------------------------------------------------------
 #0 NVIDIA GeForce GTX 1660 SUPE    3.20 KH/s     -     -     -     -    -     -     -    -    -
--------------------------------------------------------------------------------------
 10s:                    3.20 KH/s     Power:      Accepted:            0
 60s:                     n/a MH/s                 Rejected:            0
 15m:                     n/a MH/s                  Ignored:            0
[01:39:58] Jobs rcvd: 2, processed: 2, pending: 0, workers: 1
-------------------------------------[Statistics]-------------------------------------
 ID Name                             Hashrate  Temp   Fan   Pwr   Eff CClk  MClk     A    R    I
--------------------------------------------------------------------------------------
 #0 NVIDIA GeForce GTX 1660 SUPE    3.00 KH/s     -     -     -     -    -     -     -    -    -
--------------------------------------------------------------------------------------
 10s:                    3.00 KH/s     Power:      Accepted:            0
 60s:                     n/a MH/s                 Rejected:            0
 15m:                     n/a MH/s                  Ignored:            0
[01:40:08] Jobs rcvd: 2, processed: 2, pending: 0, workers: 1
-------------------------------------[Statistics]-------------------------------------
 ID Name                             Hashrate  Temp   Fan   Pwr   Eff CClk  MClk     A    R    I
--------------------------------------------------------------------------------------
 #0 NVIDIA GeForce GTX 1660 SUPE    3.00 KH/s     -     -     -     -    -     -     -    -    -
--------------------------------------------------------------------------------------
 10s:                    3.00 KH/s     Power:      Accepted:            0
 60s:                     n/a MH/s                 Rejected:            0
 15m:                     n/a MH/s                  Ignored:            0
[01:40:18] Jobs rcvd: 2, processed: 2, pending: 0, workers: 1
-------------------------------------[Statistics]-------------------------------------
 ID Name                             Hashrate  Temp   Fan   Pwr   Eff CClk  MClk     A    R    I
--------------------------------------------------------------------------------------
 #0 NVIDIA GeForce GTX 1660 SUPE    3.20 KH/s     -     -     -     -    -     -     -    -    -
--------------------------------------------------------------------------------------
 10s:                    3.20 KH/s     Power:      Accepted:            0
 60s:                     n/a MH/s                 Rejected:            0
 15m:                     n/a MH/s                  Ignored:            0
[01:40:28] Jobs rcvd: 2, processed: 2, pending: 0, workers: 1
-------------------------------------[Statistics]-------------------------------------
 ID Name                             Hashrate  Temp   Fan   Pwr   Eff CClk  MClk     A    R    I
--------------------------------------------------------------------------------------
 #0 NVIDIA GeForce GTX 1660 SUPE    3.20 KH/s     -     -     -     -    -     -     -    -    -
--------------------------------------------------------------------------------------
 10s:                    3.20 KH/s     Power:      Accepted:            0
 60s:                     n/a MH/s                 Rejected:            0
 15