[20:47:14] Initializing GPUs...
[20:47:14] Using static difficulty: 60K (formatted as: bc1qacadts4usj2tjljwdemfu44a2tq47hch33fc6f=60K.R3G)
[20:47:14] Job monitor started (stats interval: 10s)
[20:47:14] Jobs rcvd: 0, processed: 0, pending: 0, workers: 0
-------------------------------------[Statistics]-------------------------------------
 ID Name                             Hashrate  Temp   Fan   Pwr   Eff CClk  MClk     A    R    I
--------------------------------------------------------------------------------------
 #0 NVIDIA GeForce GTX 1660 SUPE     0.00 H/s   55C   67%   14W     - 1530  7000     0    0    0
--------------------------------------------------------------------------------------
 10s:                     0.00 H/s Power: 14W      Accepted:            0
 60s:                     n/a MH/s                 Rejected:            0
 15m:                     n/a MH/s                  Ignored:            0
[20:47:14] GPU #0: NVIDIA GeForce GTX 1660 SUPER [busID: 8] [arch: sm75] [driver: 13]
[CUDA Batch] Initialized NVIDIA GeForce GTX 1660 SUPER with 16 qubits, batch size 1000
[CUDA Batch] Memory: 500.00 MB (512.00 KB per state × 1000 states)
Added worker, total workers: 1
[20:47:14] threads: 1, intensity: 23, cu: 22, mem: 5613Mb
Job dispatcher started
[20:47:14] use pool qubitcoin.luckypool.io:8610 217.182.193.158
Sending request id=1 method=mining.subscribe
Sending request id=2 method=mining.authorize
[20:47:15] Stratum set raw difficulty to 1.0000
[20:47:15] Expected time per share @ 3KH/s: 16.6 days
[20:47:15] WARNING: Difficulty may be too high for this hashrate!
Difficulty updated to: 1
[20:47:15] new job from qubitcoin.luckypool.io:8610 diff 1.00/1.17M
[20:47:15] block: 61986
[20:47:15] job target: 0x00000000ffff0000
Added job to queue: 3e10 (queue size: 1)
Processing job: 3e10 (remaining in queue: 0)
Dispatched job 3e10 to 1 workers in parallel
[20:47:15] Start mining
[20:47:24] Jobs rcvd: 1, processed: 1, pending: 0, workers: 1
-------------------------------------[Statistics]-------------------------------------
 ID Name                             Hashrate  Temp   Fan   Pwr   Eff CClk  MClk     A    R    I
--------------------------------------------------------------------------------------
 #0 NVIDIA GeForce GTX 1660 SUPE    2.80 KH/s   60C   67%   76W  0.04 1530  6801     0    0    0
--------------------------------------------------------------------------------------
 10s:                    2.80 KH/s Power: 76W      Accepted:            0
 60s:                     n/a MH/s                 Rejected:            0
 15m:                     n/a MH/s                  Ignored:            0
[20:47:34] Jobs rcvd: 1, processed: 1, pending: 0, workers: 1
-------------------------------------[Statistics]-------------------------------------
 ID Name                             Hashrate  Temp   Fan   Pwr   Eff CClk  MClk     A    R    I
--------------------------------------------------------------------------------------
 #0 NVIDIA GeForce GTX 1660 SUPE    3.00 KH/s   60C   66%   78W  0.04 1530  6801     0    0    0
--------------------------------------------------------------------------------------
 10s:                    3.00 KH/s Power: 78W      Accepted:            0
 60s:                     n/a MH/s                 Rejected:            0
 15m:                     n/a MH/s                  Ignored:            0
[20:47:44] new job from qubitcoin.luckypool.io:8610 diff 1.00/1.17M
[20:47:44] block: 61986
[20:47:44] job target: 0x00000000ffff0000
Added job to queue: 3e11 (queue size: 1)
Processing job: 3e11 (remaining in queue: 0)
[20:47:44] Worker 0 already processing work, ignoring new job
Dispatched job 3e11 to 1 workers in parallel
[20:47:44] Jobs rcvd: 2, processed: 2, pending: 0, workers: 1
-------------------------------------[Statistics]-------------------------------------
 ID Name                             Hashrate  Temp   Fan   Pwr   Eff CClk  MClk     A    R    I
--------------------------------------------------------------------------------------
 #0 NVIDIA GeForce GTX 1660 SUPE    3.00 KH/s   61C   66%   71W  0.04 1530  6801     0    0    0
--------------------------------------------------------------------------------------
 10s:                    3.00 KH/s Power: 71W      Accepted:            0
 60s:                     n/a MH/s                 Rejected:            0
 15m:                     n/a MH/s                  Ignored:            0
[20:47:54] Jobs rcvd: 2, processed: 2, pending: 0, workers: 1
-------------------------------------[Statistics]-------------------------------------
 ID Name                             Hashrate  Temp   Fan   Pwr   Eff CClk  MClk     A    R    I
--------------------------------------------------------------------------------------
 #0 NVIDIA GeForce GTX 1660 SUPE    3.00 KH/s   61C   66%   80W  0.04 1530  6801     0    0    0
--------------------------------------------------------------------------------------
 10s:                    3.00 KH/s Power: 80W      Accepted:            0
 60s:                     n/a MH/s                 Rejected:            0
 15m:                     n/a MH/s                  Ignored:            0
[20:47:57] new job from qubitcoin.luckypool.io:8610 diff 1.00/1.17M
[20:47:57] block: 61987
[20:47:57] job target: 0x00000000ffff0000
Cleared job queue due to clean_jobs flag
Added job to queue: 3e12 (queue size: 1)
Processing job: 3e12 (remaining in queue: 0)
[20:47:57] Worker 0 already processing work, ignoring new job
Dispatched job 3e12 to 1 workers in parallel
[20:48:04] Jobs rcvd: 3, processed: 3, pending: 0, workers: 1
-------------------------------------[Statistics]-------------------------------------
 ID Name                             Hashrate  Temp   Fan   Pwr   Eff CClk  MClk     A    R    I
--------------------------------------------------------------------------------------
 #0 NVIDIA GeForce GTX 1660 SUPE    3.00 KH/s   62C   66%   77W  0.04 1530  6801     0    0    0
--------------------------------------------------------------------------------------
 10s:                    3.00 KH/s Power: 77W      Accepted:            0
 60s:                     n/a MH/s                 Rejected:            0
 15m:                     n/a MH/s                  Ignored:            0
[20:48:14] Jobs rcvd: 3, processed: 3, pending: 0, workers: 1
-------------------------------------[Statistics]-------------------------------------
 ID Name                             Hashrate  Temp   Fan   Pwr   Eff CClk  MClk     A    R    I
--------------------------------------------------------------------------------------
 #0 NVIDIA GeForce GTX 1660 SUPE    3.00 KH/s   62C   66%   65W  0.05 1530  6801     0    0    0
--------------------------------------------------------------------------------------
 10s:                    3.00 KH/s Power: 65W      Accepted:            0
 60s:                     n/a MH/s                 Rejected:            0
 15m:                     n/a MH/s                  Ignored:            0
[20:48:24] Jobs rcvd: 3, processed: 3, pending: 0, workers: 1
-------------------------------------[Statistics]-------------------------------------
 ID Name                             Hashrate  Temp   Fan   Pwr   Eff CClk  MClk     A    R    I
--------------------------------------------------------------------------------------
 #0 NVIDIA GeForce GTX 1660 SUPE    3.00 KH/s   63C   66%   77W  0.04 1530  6801     0    0    0
--------------------------------------------------------------------------------------
 10s:                    3.00 KH/s Power: 77W      Accepted:            0
 60s:                     n/a MH/s                 Rejected:            0
 15m:                     n/a MH/s                  Ignored:            0
[20:48:34] Jobs rcvd: 3, processed: 3, pending: 0, workers: 1
-------------------------------------[Statistics]-------------------------------------
 ID Name                             Hashrate  Temp   Fan   Pwr   Eff CClk  MClk     A    R    I
--------------------------------------------------------------------------------------
 #0 NVIDIA GeForce GTX 1660 SUPE    3.00 KH/s   62C   66%   59W  0.05 1530  6801     0    0    0
--------------------------------------------------------------------------------------
 10s:                    3.00 KH/s Power: 59W      Accepted:            0
 60s:                     n/a MH/s                 Rejected:            0
 15m:                     n/a MH/s                  Ignored:            0
[20:48:44] Jobs rcvd: 3, processed: 3, pending: 0, workers: 1
-------------------------------------[Statistics]-------------------------------------
 ID Name                             Hashrate  Temp   Fan   Pwr   Eff CClk  MClk     A    R    I
--------------------------------------------------------------------------------------
 #0 NVIDIA GeForce GTX 1660 SUPE    3.00 KH/s   63C   66%   73W  0.04 1530  6801     0    0    0
--------------------------------------------------------------------------------------
 10s:                    3.00 KH/s Power: 73W      Accepted:            0
 60s:                     n/a MH/s                 Rejected:            0
 15m:                     n/a MH/s                  Ignored:            0
[20:48:54] Jobs rcvd: 3, processed: 3, pending: 0, workers: 1
-------------------------------------[Statistics]-------------------------------------
 ID Name                             Hashrate  Temp   Fan   Pwr   Eff CClk  MClk     A    R    I
--------------------------------------------------------------------------------------
 #0 NVIDIA GeForce GTX 1660 SUPE    3.00 KH/s   63C   66%   62W  0.05 1530  6801     0    0    0
--------------------------------------------------------------------------------------
 10s:                    3.00 KH/s Power: 62W      Accepted:            0
 60s:                     n/a MH/s                 Rejected:            0
 15m:                     n/a MH/s                  Ignored:            0
[20:49:04] Jobs rcvd: 3, processed: 3, pending: 0, workers: 1
-------------------------------------[Statistics]-------------------------------------
 ID Name                             Hashrate  Temp   Fan   Pwr   Eff CClk  MClk     A    R    I
--------------------------------------------------------------------------------------
 #0 NVIDIA GeForce GTX 1660 SUPE    3.00 KH/s   64C   66%   76W  0.04 1530  6801     0    0    0
--------------------------------------------------------------------------------------
 10s:                    3.00 KH/s Power: 76W      Accepted:            0
 60s:                     n/a MH/s                 Rejected:            0
 15m:                     n/a MH/s                  Ignored:            0
[20:49:14] Jobs rcvd: 3, processed: 3, pending: 0, workers: 1
-------------------------------------[Statistics]-------------------------------------
 ID Name                             Hashrate  Temp   Fan   Pwr   Eff CClk  MClk     A    R    I
--------------------------------------------------------------------------------------
 #0 NVIDIA GeForce GTX 1660 SUPE    3.00 KH/s   63C   67%   66W  0.05 1530  6801     0    0    0
--------------------------------------------------------------------------------------
 10s:                    3.00 KH/s Power: 66W      Accepted:            0
 60s:                     n/a MH/s                 Rejected:            0
 15m:                     n/a MH/s                  Ignored:            0
[20:49:24] Jobs rcvd: 3, processed: 3, pending: 0, workers: 1
-------------------------------------[Statistics]-------------------------------------
 ID Name                             Hashrate  Temp   Fan   Pwr   Eff CClk  MClk     A    R    I
--------------------------------------------------------------------------------------
 #0 NVIDIA GeForce GTX 1660 SUPE    3.00 KH/s   64C   67%   72W  0.04 1530  6801     0    0    0
--------------------------------------------------------------------------------------
 10s:                    3.00 KH/s Power: 72W      Accepted:            0
 60s:                     n/a MH/s                 Rejected:            0
 15m:                     n/a MH/s                  Ignored:            0
[20:49:34] Jobs rcvd: 3, processed: 3, pending: 0, workers: 1
----