[02:25:03] Initializing GPUs...
[02:25:03] Using static difficulty: 60K (formatted as: bc1qacadts4usj2tjljwdemfu44a2tq47hch33fc6f=60K.R3G)
[02:25:03] Job monitor started (stats interval: 10s)
[02:25:03] Jobs rcvd: 0, processed: 0, pending: 0, workers: 0
-------------------------------------[Statistics]-------------------------------------
 ID Name                             Hashrate  Temp   Fan   Pwr   Eff CClk  MClk     A    R    I
--------------------------------------------------------------------------------------
 #0 NVIDIA GeForce GTX 1660 SUPE     0.00 H/s   49C    0%   14W     - 1530  7000     0    0    0
--------------------------------------------------------------------------------------
 10s:                     0.00 H/s Power: 14W      Accepted:            0
 60s:                     n/a MH/s                 Rejected:            0
 15m:                     n/a MH/s                  Ignored:            0
[02:25:03] GPU #0: NVIDIA GeForce GTX 1660 SUPER [busID: 8] [arch: sm75] [driver: 13]
[02:25:03] GPU #0: FusedQHashWorker initialized (batch=4096, block=256)
Added worker, total workers: 1
[02:25:03] threads: 1, intensity: 25, cu: 22, mem: 5613Mb
Job dispatcher started
[02:25:03] use pool qubitcoin.luckypool.io:8610 217.182.193.158
Sending request id=1 method=mining.subscribe
Sending request id=2 method=mining.authorize
[02:25:04] Stratum set raw difficulty to 1.0000
[02:25:04] Expected time per share @ 3KH/s: 16.6 days
[02:25:04] WARNING: Difficulty may be too high for this hashrate!
Difficulty updated to: 1
[02:25:04] new job from qubitcoin.luckypool.io:8610 diff 1.00/1.29M
[02:25:04] block: 62347
[02:25:04] job target: 0x00000000ffff0000
Added job to queue: 4506 (queue size: 1)
Processing job: 4506 (remaining in queue: 0)
Dispatched job 4506 to 1 workers in parallel
[02:25:04] Start mining
[02:25:13] Jobs rcvd: 1, processed: 1, pending: 0, workers: 1
-------------------------------------[Statistics]-------------------------------------
 ID Name                             Hashrate  Temp   Fan   Pwr   Eff CClk  MClk     A    R    I
--------------------------------------------------------------------------------------
 #0 NVIDIA GeForce GTX 1660 SUPE    1.37 KH/s   54C   52%   65W  0.02 1530  6801     0    0    0
--------------------------------------------------------------------------------------
 10s:                    1.37 KH/s Power: 65W      Accepted:            0
 60s:                     n/a MH/s                 Rejected:            0
 15m:                     n/a MH/s                  Ignored:            0
[02:25:23] Ctrl+C received
[02:25:23] exiting...
[02:25:23] Job monitor stopped
Job dispatcher stopped
[02:25:25] GPU #0: Fused worker stopped
Stopped all 1 workers
[02:25:25] GPU #0: Fused worker stopped
