[20:41:33] Initializing GPUs...
[20:41:33] Using static difficulty: 60K (formatted as: bc1qacadts4usj2tjljwdemfu44a2tq47hch33fc6f=60K.R3G)
[20:41:33] Job monitor started (stats interval: 10s)
[20:41:33] Jobs rcvd: 0, processed: 0, pending: 0, workers: 0
-------------------------------------[Statistics]-------------------------------------
 ID Name                             Hashrate  Temp   Fan   Pwr   Eff CClk  MClk     A    R    I
--------------------------------------------------------------------------------------
 #0 NVIDIA GeForce GTX 1660 SUPE     0.00 H/s   49C    0%   14W     - 1530  7000     0    0    0
--------------------------------------------------------------------------------------
 10s:                     0.00 H/s Power: 14W      Accepted:            0
 60s:                     n/a MH/s                 Rejected:            0
 15m:                     n/a MH/s                  Ignored:            0
[20:41:33] GPU #0: NVIDIA GeForce GTX 1660 SUPER [busID: 8] [arch: sm75] [driver: 13]
[Batch] Auto-tuned batch size from 8192 to 3584 based on free VRAM (3.73 GB free)
[cuQuantum] Initialized NVIDIA GeForce GTX 1660 SUPER with 16 qubits, batch size 3584
[cuQuantum] Using NVIDIA custatevec for quantum simulation
[Batch] Memory: 1.75 GB (512.00 KB per state × 3584 states)
[20:41:33] GPU #0: Triple-buffering pipeline initialized (8192 nonces/batch, 16 qubits)
Added worker, total workers: 1
[20:41:33] threads: 1, intensity: 26, cu: 22, mem: 5613Mb
Job dispatcher started
[20:41:33] use pool qubitcoin.luckypool.io:8610 217.182.193.158
Sending request id=1 method=mining.subscribe
Sending request id=2 method=mining.authorize
[20:41:34] Stratum set raw difficulty to 1.0000
[20:41:34] Expected time per share @ 3KH/s: 16.6 days
[20:41:34] WARNING: Difficulty may be too high for this hashrate!
Difficulty updated to: 1
[20:41:34] new job from qubitcoin.luckypool.io:8610 diff 1.00/1.23M
[20:41:34] block: 62151
[20:41:34] job target: 0x00000000ffff0000
Cleared job queue due to clean_jobs flag
Added job to queue: 412f (queue size: 1)
Processing job: 412f (remaining in queue: 0)
Dispatched job 412f to 1 workers in parallel
[20:41:34] Worker 0 error: out of memory
[20:41:34] Start mining
[20:41:43] Jobs rcvd: 1, processed: 1, pending: 0, workers: 1
-------------------------------------[Statistics]-------------------------------------
 ID Name                             Hashrate  Temp   Fan   Pwr   Eff CClk  MClk     A    R    I
--------------------------------------------------------------------------------------
 #0 NVIDIA GeForce GTX 1660 SUPE     0.00 H/s   52C   32%   36W     - 1530  6801     0    0    0
--------------------------------------------------------------------------------------
 10s:                     0.00 H/s Power: 36W      Accepted:            0
 60s:                     n/a MH/s                 Rejected:            0
 15m:                     n/a MH/s                  Ignored:            0
[20:41:53] Jobs rcvd: 1, processed: 1, pending: 0, workers: 1
-------------------------------------[Statistics]-------------------------------------
 ID Name                             Hashrate  Temp   Fan   Pwr   Eff CClk  MClk     A    R    I
--------------------------------------------------------------------------------------
 #0 NVIDIA GeForce GTX 1660 SUPE     0.00 H/s   50C   49%   14W     -  300   405     0    0    0
--------------------------------------------------------------------------------------
 10s:                     0.00 H/s Power: 14W      Accepted:            0
 60s:                     n/a MH/s                 Rejected:            0
 15m:                     n/a MH/s                  Ignored:            0
[20:42:03] Jobs rcvd: 1, processed: 1, pending: 0, workers: 1
-------------------------------------[Statistics]-------------------------------------
 ID Name                             Hashrate  Temp   Fan   Pwr   Eff CClk  MClk     A    R    I
--------------------------------------------------------------------------------------
 #0 NVIDIA GeForce GTX 1660 SUPE     0.00 H/s   50C   49%   14