[20:54:11] Initializing GPUs...
[20:54:11] Using static difficulty: 60K (formatted as: bc1qacadts4usj2tjljwdemfu44a2tq47hch33fc6f=60K.R3G)
[20:54:11] Job monitor started (stats interval: 10s)
[20:54:11] Jobs rcvd: 0, processed: 0, pending: 0, workers: 0
-------------------------------------[Statistics]-------------------------------------
 ID Name                             Hashrate  Temp   Fan   Pwr   Eff CClk  MClk     A    R    I
--------------------------------------------------------------------------------------
 #0 NVIDIA GeForce GTX 1660 SUPE     0.00 H/s   45C    0%   13W     - 1530  7000     0    0    0
--------------------------------------------------------------------------------------
 10s:                     0.00 H/s Power: 13W      Accepted:            0
 60s:                     n/a MH/s                 Rejected:            0
 15m:                     n/a MH/s                  Ignored:            0
[20:54:11] GPU #0: NVIDIA GeForce GTX 1660 SUPER [busID: 8] [arch: sm75] [driver: 13]
[CUDA Batch] Initialized NVIDIA GeForce GTX 1660 SUPER with 16 qubits, batch size 1000
[CUDA Batch] Memory: 500.00 MB (512.00 KB per state × 1000 states)
Added worker, total workers: 1
[20:54:11] threads: 1, intensity: 23, cu: 22, mem: 5613Mb
Job dispatcher started
[20:54:11] use pool qubitcoin.luckypool.io:8610 217.182.193.158
Sending request id=1 method=mining.subscribe
Sending request id=2 method=mining.authorize
[20:54:11] Stratum set raw difficulty to 1.0000
[20:54:11] Expected time per share @ 3KH/s: 16.6 days
[20:54:11] WARNING: Difficulty may be too high for this hashrate!
Difficulty updated to: 1
[20:54:11] new job from qubitcoin.luckypool.io:8610 diff 1.00/1.17M
[20:54:11] block: 61987
[20:54:11] job target: 0x00000000ffff0000
Added job to queue: 3e10 (queue size: 1)
Processing job: 3e10 (remaining in queue: 0)
Dispatched job 3e10 to 1 workers in parallel
[20:54:12] Start mining
[20:54:21] Jobs rcvd: 1, processed: 1, pending: 0, workers: 1
-------------------------------------[Statistics]-------------------------------------
 ID Name                             Hashrate  Temp   Fan   Pwr   Eff CClk  MClk     A    R    I
--------------------------------------------------------------------------------------
 #0 NVIDIA GeForce GTX 1660 SUPE    2.80 KH/s   52C    0%   66W  0.04 1530  6801     0    0    0
--------------------------------------------------------------------------------------
 10s:                    2.80 KH/s Power: 66W      Accepted:            0
 60s:                     n/a MH/s                 Rejected:            0
 15m:                     n/a MH/s                  Ignored:            0
[20:54:31] Jobs rcvd: 1, processed: 1, pending: 0, workers: 1
-------------------------------------[Statistics]-------------------------------------
 ID Name                             Hashrate  Temp   Fan   Pwr   Eff CClk  MClk     A    R    I
--------------------------------------------------------------------------------------
 #0 NVIDIA GeForce GTX 1660 SUPE    3.20 KH/s   54C   49%   61W  0.05 1530  6801     0    0    0
--------------------------------------------------------------------------------------
 10s:                    3.20 KH/s Power: 61W      Accepted:            0
 60s:                     n/a MH/s                 Rejected:            0
 15m:                     n/a MH/s                  Ignored:            0
[20:54:41] Jobs rcvd: 1, processed: 1, pending: 0, workers: 1
-------------------------------------[Statistics]-------------------------------------
 ID Name                             Hashrate  Temp   Fan   Pwr   Eff CClk  MClk     A    R    I
--------------------------------------------------------------------------------------
 #0 NVIDIA GeForce GTX 1660 SUPE    3.00 KH/s   55C   53%   63W  0.05 1530  6801     0    0    0
--------------------------------------------------------------------------------------
 10s:                    3.00 KH/s Power: 63W      Accepted:            0
 60s:                     n/a MH/s                 Rejected:            0
 15m:                     n/a MH/s                  Ignored:            0
[20:54:51] Jobs rcvd: 1, processed: 1, pending: 0, workers: 1
-------------------------------------[Statistics]-------------------------------------
 ID Name                             Hashrate  Temp   Fan   Pwr   Eff CClk  MClk     A    R    I
--------------------------------------------------------------------------------------
 #0 NVIDIA GeForce GTX 1660 SUPE    3.20 KH/s   56C   54%   63W  0.05 1530  6801     0    0    0
--------------------------------------------------------------------------------------
 10s:                    3.20 KH/s Power: 63W      Accepted:            0
 60s:                     n/a MH/s                 Rejected:            0
 15m:                     n/a MH/s                  Ignored:            0
[20:55:01] Jobs rcvd: 1, processed: 1, pending: 0, workers: 1
-------------------------------------[Statistics]-------------------------------------
 ID Name                             Hashrate  Temp   Fan   Pwr   Eff CClk  MClk     A    R    I
--------------------------------------------------------------------------------------
 #0 NVIDIA GeForce GTX 1660 SUPE    3.00 KH/s   57C   56%   59W  0.05 1530  6801     0    0    0
--------------------------------------------------------------------------------------
 10s:                    3.00 KH/s Power: 59W      Accepted:            0
 60s:                     n/a MH/s                 Rejected:            0
 15m:                     n/a MH/s                  Ignored:            0
[20:55:11] Jobs rcvd: 1, processed: 1, pending: 0, workers: 1
-------------------------------------[Statistics]-------------------------------------
 ID Name                             Hashrate  Temp   Fan   Pwr   Eff CClk  MClk     A    R    I
--------------------------------------------------------------------------------------
 #0 NVIDIA GeForce GTX 1660 SUPE    3.20 KH/s   58C   57%   71W  0.05 1530  6801     0    0    0
--------------------------------------------------------------------------------------
 10s:                    3.20 KH/s Power: 71W      Accepted:            0
 60s:                     n/a MH/s                 Rejected:            0
 15m:                     n/a MH/s                  Ignored:            0
[20:55:21] Jobs rcvd: 1, processed: 1, pending: 0, workers: 1
-------------------------------------[Statistics]-------------------------------------
 ID Name                             Hashrate  Temp   Fan   Pwr   Eff CClk  MClk     A    R    I
--------------------------------------------------------------------------------------
 #0 NVIDIA GeForce GTX 1660 SUPE    3.00 KH/s   59C   58%   63W  0.05 1530  6801     0    0    0
--------------------------------------------------------------------------------------
 10s:                    3.00 KH/s Power: 63W      Accepted:            0
 60s:                     n/a MH/s                 Rejected:            0
 15m:                     n/a MH/s                  Ignored:            0
[20:55:31] Jobs rcvd: 1, processed: 1, pending: 0, workers: 1
-------------------------------------[Statistics]-------------------------------------
 ID Name                             Hashrate  Temp   Fan   Pwr   Eff CClk  MClk     A    R    I
--------------------------------------------------------------------------------------
 #0 NVIDIA GeForce GTX 1660 SUPE    3.00 KH/s   60C   59%   73W  0.04 1530  6801     0    0    0
--------------------------------------------------------------------------------------
 10s:                    3.00 KH/s Power: 73W      Accepted:            0
 60s:                     n/a MH/s                 Rejected:            0
 15m:                     n/a MH/s                  Ignored:            0
[20:55:41] Jobs rcvd: 1, processed: 1, pending: 0, workers: 1
-------------------------------------[Statistics]-------------------------------------
 ID Name                             Hashrate  Temp   Fan   Pwr   Eff CClk  MClk     A    R    I
--------------------------------------------------------------------------------------
 #0 NVIDIA GeForce GTX 1660